#
# A fatal error has been detected by the Java Runtime Environment:
#
#  SIGSEGV (0xb) at pc=0x00007fff91266097, pid=93744, tid=1287
#
# JRE version: Java(TM) SE Runtime Environment (7.0_45-b18) (build 1.7.0_45-b18)
# Java VM: Java HotSpot(TM) 64-Bit Server VM (24.45-b08 mixed mode bsd-amd64 compressed oops)
# Problematic frame:
# C  [libobjc.A.dylib+0x5097]  objc_msgSend+0x17
#
# Failed to write core dump. Core dumps have been disabled. To enable core dumping, try "ulimit -c unlimited" before starting Java again
#
# If you would like to submit a bug report, please visit:
#   http://bugreport.sun.com/bugreport/crash.jsp
# The crash happened outside the Java Virtual Machine in native code.
# See problematic frame for where to report the bug.
#

---------------  T H R E A D  ---------------

Current thread (0x00007fd712045800):  JavaThread "AppKit Thread" daemon [_thread_in_native, id=1287, stack(0x00007fff592a6000,0x00007fff59326000)]

siginfo:si_signo=SIGSEGV: si_errno=0, si_code=0 (SEGV0), si_addr=0x0000000000000000

Registers:
RAX=0x00007fd711f49ae0, RBX=0x00000000000f42ec, RCX=0x0000000000000000, RDX=0x00007fd711d73e30
RSP=0x00007fff5931f618, RBP=0x00007fff5931f620, RSI=0x00007fff8c5e4d05, RDI=0x00007fd711f49ae0
R8 =0x0000000000000040, R9 =0x00007fff5931f600, R10=0x00007fff8c5e4d05, R11=0x1000000000000000
R12=0x00000000000f42ec, R13=0x00007fff5931f7e8, R14=0x00007fd711fed860, R15=0x00007fff5931f748
RIP=0x00007fff91266097, EFLAGS=0x0000000000010246, ERR=0x0000000000000000
  TRAPNO=0x000000000000000d

Top of Stack: (sp=0x00007fff5931f618)
0x00007fff5931f618:   00007fff9116ffcc 00007fff5931f980
0x00007fff5931f628:   00007fff91063c5d 00007fff775c2d90
0x00007fff5931f638:   00007fff90550347 00007fff5931f670
0x00007fff5931f648:   00007fff9127ea02 0000000000000798
0x00007fff5931f658:   00000000000f42ee 0000000000000002
0x00007fff5931f668:   00007fd711e48730 00007fd711e48070
0x00007fff5931f678:   00007fd7138094f0 00007fd711d73e30
0x00007fff5931f688:   00007fff5931f740 0000000000000000
0x00007fff5931f698:   00000000000f42ec 0000000000000051
0x00007fff5931f6a8:   00007fff5931f7c0 0000000000000000
0x00007fff5931f6b8:   0000000000000001 00007fd7138094e0
0x00007fff5931f6c8:   000000000000004f 000000000006c2d9
0x00007fff5931f6d8:   0000010000000000 00007fff7539a980
0x00007fff5931f6e8:   00002060004c26ea 00007fff5931f840
0x00007fff5931f6f8:   0000000000000000 00007fff5931f7d8
0x00007fff5931f708:   00007fff5931f7b8 00007fff7539a968
0x00007fff5931f718:   0000000000000000 0000000000000027
0x00007fff5931f728:   00007fff8a4c26ea 00007fff763adb08
0x00007fff5931f738:   0000000000000000 00007fd711e487b0
0x00007fff5931f748:   00007fd711fed860 00007fff8b6afb08
0x00007fff5931f758:   0000000000000000 00007fff5931f820
0x00007fff5931f768:   00007fff8655526e 00007fff761470d0
0x00007fff5931f778:   0000000042000000 00007fff8655d671
0x00007fff5931f788:   00007fff75376b30 00007fff5931f888
0x00007fff5931f798:   00007fff5931f7b8 00007fff5931f7d8
0x00007fff5931f7a8:   0000000000000000 00000001068f3001
0x00007fff5931f7b8:   0000000000000000 000000000000004d
0x00007fff5931f7c8:   0000000000000000 00000000000f42e0
0x00007fff5931f7d8:   000000000000004f 0000000000000000
0x00007fff5931f7e8:   00000000000f42ec 000000015931f890
0x00007fff5931f7f8:   00007fff8a4c3261 00007fff775c1748
0x00007fff5931f808:   00007fff775c174c 00000000775bd1b8 

Instructions: (pc=0x00007fff91266097)
0x00007fff91266077:   90 90 90 90 90 90 90 90 90 48 85 ff 2e 74 72 40
0x00007fff91266087:   f6 c7 01 2e 0f 85 7e 00 00 00 4c 8b 1f 49 89 f2
0x00007fff91266097:   45 23 53 18 49 c1 e2 04 4d 03 53 10 49 3b 32 75
0x00007fff912660a7:   04 41 ff 62 08 49 83 3a 00 74 74 4d 3b 53 10 74 

Register to memory mapping:

RAX=0x00007fd711f49ae0 is an unknown value
RBX=0x00000000000f42ec is an unknown value
RCX=0x0000000000000000 is an unknown value
RDX=0x00007fd711d73e30 is an unknown value
RSP=0x00007fff5931f618 is pointing into the stack for thread: 0x00007fd712045800
RBP=0x00007fff5931f620 is pointing into the stack for thread: 0x00007fd712045800
RSI=0x00007fff8c5e4d05: NSAppKitVersionNumber+0x534c5 in /System/Library/Frameworks/AppKit.framework/Versions/C/AppKit at 0x00007fff8bb43000
RDI=0x00007fd711f49ae0 is an unknown value
R8 =0x0000000000000040 is an unknown value
R9 =0x00007fff5931f600 is pointing into the stack for thread: 0x00007fd712045800
R10=0x00007fff8c5e4d05: NSAppKitVersionNumber+0x534c5 in /System/Library/Frameworks/AppKit.framework/Versions/C/AppKit at 0x00007fff8bb43000
R11=0x1000000000000000 is an unknown value
R12=0x00000000000f42ec is an unknown value
R13=0x00007fff5931f7e8 is pointing into the stack for thread: 0x00007fd712045800
R14=0x00007fd711fed860 is an unknown value
R15=0x00007fff5931f748 is pointing into the stack for thread: 0x00007fd712045800


Stack: [0x00007fff592a6000,0x00007fff59326000],  sp=0x00007fff5931f618,  free space=485k
Native frames: (J=compiled Java code, j=interpreted, Vv=VM code, C=native code)
C  [libobjc.A.dylib+0x5097]  objc_msgSend+0x17
C  [CoreFoundation+0x10c5d]  _CFXNotificationPost+0xb4d
C  [Foundation+0x34aa]  -[NSNotificationCenter postNotificationName:object:userInfo:]+0x44
C  [AppKit+0x10f609]  -[NSSurface _disposeSurface]+0x98
C  [AppKit+0x10f0a5]  -[NSSurface setWindow:]+0x46
C  [AppKit+0x3af67]  -[NSView _setWindow:]+0x8ea
C  [AppKit+0x3bf9a]  -[NSView removeFromSuperview]+0x15e
C  [AppKit+0x98759]  -[NSView removeFromSuperviewWithoutNeedingDisplay]+0x26
C  [liblwjgl.jnilib+0x936e]  +[MacOSXKeyableWindow destroyWindow]+0xde
C  [Foundation+0x640de]  __NSThreadPerformPerform+0xe5
C  [CoreFoundation+0x7f8f1]  __CFRUNLOOP_IS_CALLING_OUT_TO_A_SOURCE0_PERFORM_FUNCTION__+0x11
C  [CoreFoundation+0x71062]  __CFRunLoopDoSources0+0xf2
C  [CoreFoundation+0x707ef]  __CFRunLoopRun+0x33f
C  [CoreFoundation+0x70275]  CFRunLoopRunSpecific+0x135
C  [HIToolbox+0x2ef0d]  RunCurrentEventLoopInMode+0xe2
C  [HIToolbox+0x2ecb7]  ReceiveNextEventCommon+0x1df
C  [HIToolbox+0x2eabc]  _BlockUntilNextEventMatchingListInModeWithFilter+0x41
C  [AppKit+0x2428e]  _DPSNextEvent+0x59a
C  [AppKit+0x238db]  -[NSApplication nextEventMatchingMask:untilDate:inMode:dequeue:]+0x7a
C  [libosxapp.dylib+0x16f4]  -[NSApplicationAWT nextEventMatchingMask:untilDate:inMode:dequeue:]+0x7c
C  [AppKit+0x179cc]  -[NSApplication run]+0x229
C  [libosxapp.dylib+0x1557]  +[NSApplicationAWT runAWTLoopWithApp:]+0x9c
C  [liblwawt.dylib+0xdba9]  -[AWTStarter starter:]+0x369
C  [Foundation+0x640de]  __NSThreadPerformPerform+0xe5
C  [CoreFoundation+0x7f8f1]  __CFRUNLOOP_IS_CALLING_OUT_TO_A_SOURCE0_PERFORM_FUNCTION__+0x11
C  [CoreFoundation+0x71062]  __CFRunLoopDoSources0+0xf2
C  [CoreFoundation+0x707ef]  __CFRunLoopRun+0x33f
C  [CoreFoundation+0x70275]  CFRunLoopRunSpecific+0x135
C  [java+0x73b0]  CreateExecutionEnvironment+0x367
C  [java+0x1b5c]  JLI_Launch+0x7a0
C  [java+0x770d]  main+0x65
C  [java+0x13b4]  start+0x34


---------------  P R O C E S S  ---------------

Java Threads: ( => current thread )
  0x00007fd715802000 JavaThread "AWT-Shutdown" [_thread_blocked, id=32043, stack(0x000000011a09a000,0x000000011a19a000)]
  0x00007fd713278000 JavaThread "pool-2-thread-1" [_thread_blocked, id=69903, stack(0x00000001202ab000,0x00000001203ab000)]
  0x00007fd7132fd000 JavaThread "AsynchExecutor-Thread" daemon [_thread_blocked, id=70407, stack(0x000000011fd43000,0x000000011fe43000)]
  0x00007fd71310d800 JavaThread "DestroyJavaVM" [_thread_blocked, id=6403, stack(0x0000000108454000,0x0000000108554000)]
  0x00007fd712837000 JavaThread "LWJGL Application" [_thread_in_native, id=65795, stack(0x000000011d1c8000,0x000000011d2c8000)]
=>0x00007fd712045800 JavaThread "AppKit Thread" daemon [_thread_in_native, id=1287, stack(0x00007fff592a6000,0x00007fff59326000)]
  0x00007fd71400e800 JavaThread "Service Thread" daemon [_thread_blocked, id=22787, stack(0x0000000118442000,0x0000000118542000)]
  0x00007fd7130f8000 JavaThread "C2 CompilerThread1" daemon [_thread_blocked, id=22275, stack(0x000000011833f000,0x000000011843f000)]
  0x00007fd7130fb800 JavaThread "C2 CompilerThread0" daemon [_thread_blocked, id=21763, stack(0x000000011823c000,0x000000011833c000)]
  0x00007fd716000000 JavaThread "JDWP Command Reader" daemon [_thread_in_native, id=21251, stack(0x0000000117e27000,0x0000000117f27000)]
  0x00007fd713040800 JavaThread "JDWP Event Helper Thread" daemon [_thread_blocked, id=20739, stack(0x0000000117d24000,0x0000000117e24000)]
  0x00007fd71303f800 JavaThread "JDWP Transport Listener: dt_socket" daemon [_thread_blocked, id=20227, stack(0x0000000117c21000,0x0000000117d21000)]
  0x00007fd715801000 JavaThread "Signal Dispatcher" daemon [_thread_blocked, id=19715, stack(0x0000000117b18000,0x0000000117c18000)]
  0x00007fd715005000 JavaThread "Finalizer" daemon [_thread_blocked, id=14595, stack(0x00000001178c7000,0x00000001179c7000)]
  0x00007fd715002800 JavaThread "Reference Handler" daemon [_thread_blocked, id=14083, stack(0x00000001177c4000,0x00000001178c4000)]

Other Threads:
  0x00007fd715002000 VMThread [stack: 0x00000001176c1000,0x00000001177c1000] [id=13571]
  0x00007fd7130f8800 WatcherThread [stack: 0x0000000118545000,0x0000000118645000] [id=23299]

VM state:not at safepoint (normal execution)

VM Mutex/Monitor currently owned by a thread: None

Heap
 PSYoungGen      total 142848K, used 75143K [0x00000007aaa80000, 0x00000007be180000, 0x0000000800000000)
  eden space 132096K, 48% used [0x00000007aaa80000,0x00000007ae963248,0x00000007b2b80000)
  from space 10752K, 99% used [0x00000007b2b80000,0x00000007b35feb90,0x00000007b3600000)
  to   space 27136K, 0% used [0x00000007bc700000,0x00000007bc700000,0x00000007be180000)
 ParOldGen       total 174592K, used 22912K [0x0000000700000000, 0x000000070aa80000, 0x00000007aaa80000)
  object space 174592K, 13% used [0x0000000700000000,0x0000000701660000,0x000000070aa80000)
 PSPermGen       total 21504K, used 16402K [0x00000006fae00000, 0x00000006fc300000, 0x0000000700000000)
  object space 21504K, 76% used [0x00000006fae00000,0x00000006fbe04910,0x00000006fc300000)

Card table byte_map: [0x000000010b6e7000,0x000000010bf11000] byte_map_base: 0x0000000107f10000

Polling page: 0x00000001069fb000

Code Cache  [0x0000000108627000, 0x0000000108897000, 0x000000010b627000)
 total_blobs=813 nmethods=383 adapters=392 free_code_cache=47675Kb largest_free_block=48783360

Compilation events (10 events):
Event: 51.334 Thread 0x00007fd7130f8000  386             com.badlogic.gdx.math.Matrix3::mul (478 bytes)
Event: 51.338 Thread 0x00007fd7130f8000 nmethod 386 0x000000010878d5d0 code [0x000000010878d720, 0x000000010878da78]
Event: 51.833 Thread 0x00007fd7130fb800  387             com.badlogic.gdx.graphics.glutils.VertexBufferObject::bind (321 bytes)
Event: 51.833 Thread 0x00007fd7130f8000  388             com.badlogic.gdx.graphics.glutils.IndexBufferObject::getNumIndices (8 bytes)
Event: 51.834 Thread 0x00007fd7130f8000 nmethod 388 0x000000010879af90 code [0x000000010879b0e0, 0x000000010879b178]
Event: 51.834 Thread 0x00007fd7130f8000  389             com.badlogic.gdx.graphics.glutils.VertexBufferObject::unbind (100 bytes)
Event: 51.841 Thread 0x00007fd7130f8000 nmethod 389 0x00000001087959d0 code [0x0000000108795ba0, 0x00000001087963d8]
Event: 51.846 Thread 0x00007fd7130fb800 nmethod 387 0x000000010879e990 code [0x000000010879ec20, 0x000000010879fa00]
Event: 52.532 Thread 0x00007fd7130f8000  390             java.util.HashMap::roundUpToPowerOf2 (42 bytes)
Event: 52.533 Thread 0x00007fd7130f8000 nmethod 390 0x0000000108795790 code [0x00000001087958c0, 0x0000000108795958]

GC Heap History (10 events):
Event: 1.588 GC heap before
{Heap before GC invocations=1 (full 0):
 PSYoungGen      total 76800K, used 66048K [0x00000007aaa80000, 0x00000007b0000000, 0x0000000800000000)
  eden space 66048K, 100% used [0x00000007aaa80000,0x00000007aeb00000,0x00000007aeb00000)
  from space 10752K, 0% used [0x00000007af580000,0x00000007af580000,0x00000007b0000000)
  to   space 10752K, 0% used [0x00000007aeb00000,0x00000007aeb00000,0x00000007af580000)
 ParOldGen       total 174592K, used 0K [0x0000000700000000, 0x000000070aa80000, 0x00000007aaa80000)
  object space 174592K, 0% used [0x0000000700000000,0x0000000700000000,0x000000070aa80000)
 PSPermGen       total 21504K, used 10602K [0x00000006fae00000, 0x00000006fc300000, 0x0000000700000000)
  object space 21504K, 49% used [0x00000006fae00000,0x00000006fb85a848,0x00000006fc300000)
Event: 1.595 GC heap after
Heap after GC invocations=1 (full 0):
 PSYoungGen      total 76800K, used 6667K [0x00000007aaa80000, 0x00000007b0000000, 0x0000000800000000)
  eden space 66048K, 0% used [0x00000007aaa80000,0x00000007aaa80000,0x00000007aeb00000)
  from space 10752K, 62% used [0x00000007aeb00000,0x00000007af182c18,0x00000007af580000)
  to   space 10752K, 0% used [0x00000007af580000,0x00000007af580000,0x00000007b0000000)
 ParOldGen       total 174592K, used 8K [0x0000000700000000, 0x000000070aa80000, 0x00000007aaa80000)
  object space 174592K, 0% used [0x0000000700000000,0x0000000700002000,0x000000070aa80000)
 PSPermGen       total 21504K, used 10602K [0x00000006fae00000, 0x00000006fc300000, 0x0000000700000000)
  object space 21504K, 49% used [0x00000006fae00000,0x00000006fb85a848,0x00000006fc300000)
}
Event: 3.475 GC heap before
{Heap before GC invocations=2 (full 0):
 PSYoungGen      total 76800K, used 72715K [0x00000007aaa80000, 0x00000007b0000000, 0x0000000800000000)
  eden space 66048K, 100% used [0x00000007aaa80000,0x00000007aeb00000,0x00000007aeb00000)
  from space 10752K, 62% used [0x00000007aeb00000,0x00000007af182c18,0x00000007af580000)
  to   space 10752K, 0% used [0x00000007af580000,0x00000007af580000,0x00000007b0000000)
 ParOldGen       total 174592K, used 8K [0x0000000700000000, 0x000000070aa80000, 0x00000007aaa80000)
  object space 174592K, 0% used [0x0000000700000000,0x0000000700002000,0x000000070aa80000)
 PSPermGen       total 21504K, used 15204K [0x00000006fae00000, 0x00000006fc300000, 0x0000000700000000)
  object space 21504K, 70% used [0x00000006fae00000,0x00000006fbcd92c8,0x00000006fc300000)
Event: 3.483 GC heap after
Heap after GC invocations=2 (full 0):
 PSYoungGen      total 76800K, used 10247K [0x00000007aaa80000, 0x00000007b0000000, 0x0000000800000000)
  eden space 66048K, 0% used [0x00000007aaa80000,0x00000007aaa80000,0x00000007aeb00000)
  from space 10752K, 95% used [0x00000007af580000,0x00000007aff81fd0,0x00000007b0000000)
  to   space 10752K, 0% used [0x00000007aeb00000,0x00000007aeb00000,0x00000007af580000)
 ParOldGen       total 174592K, used 16K [0x0000000700000000, 0x000000070aa80000, 0x00000007aaa80000)
  object space 174592K, 0% used [0x0000000700000000,0x0000000700004000,0x000000070aa80000)
 PSPermGen       total 21504K, used 15204K [0x00000006fae00000, 0x00000006fc300000, 0x0000000700000000)
  object space 21504K, 70% used [0x00000006fae00000,0x00000006fbcd92c8,0x00000006fc300000)
}
Event: 3.677 GC heap before
{Heap before GC invocations=3 (full 0):
 PSYoungGen      total 76800K, used 76295K [0x00000007aaa80000, 0x00000007b0000000, 0x0000000800000000)
  eden space 66048K, 100% used [0x00000007aaa80000,0x00000007aeb00000,0x00000007aeb00000)
  from space 10752K, 95% used [0x00000007af580000,0x00000007aff81fd0,0x00000007b0000000)
  to   space 10752K, 0% used [0x00000007aeb00000,0x00000007aeb00000,0x00000007af580000)
 ParOldGen       total 174592K, used 16K [0x0000000700000000, 0x000000070aa80000, 0x00000007aaa80000)
  object space 174592K, 0% used [0x0000000700000000,0x0000000700004000,0x000000070aa80000)
 PSPermGen       total 21504K, used 15231K [0x00000006fae00000, 0x00000006fc300000, 0x0000000700000000)
  object space 21504K, 70% used [0x00000006fae00000,0x00000006fbcdfe18,0x00000006fc300000)
Event: 3.685 GC heap after
Heap after GC invocations=3 (full 0):
 PSYoungGen      total 76800K, used 10730K [0x00000007aaa80000, 0x00000007b4080000, 0x0000000800000000)
  eden space 66048K, 0% used [0x00000007aaa80000,0x00000007aaa80000,0x00000007aeb00000)
  from space 10752K, 99% used [0x00000007aeb00000,0x00000007af57a9e0,0x00000007af580000)
  to   space 10752K, 0% used [0x00000007b3600000,0x00000007b3600000,0x00000007b4080000)
 ParOldGen       total 174592K, used 2736K [0x0000000700000000, 0x000000070aa80000, 0x00000007aaa80000)
  object space 174592K, 1% used [0x0000000700000000,0x00000007002ac000,0x000000070aa80000)
 PSPermGen       total 21504K, used 15231K [0x00000006fae00000, 0x00000006fc300000, 0x0000000700000000)
  object space 21504K, 70% used [0x00000006fae00000,0x00000006fbcdfe18,0x00000006fc300000)
}
Event: 3.908 GC heap before
{Heap before GC invocations=4 (full 0):
 PSYoungGen      total 76800K, used 76778K [0x00000007aaa80000, 0x00000007b4080000, 0x0000000800000000)
  eden space 66048K, 100% used [0x00000007aaa80000,0x00000007aeb00000,0x00000007aeb00000)
  from space 10752K, 99% used [0x00000007aeb00000,0x00000007af57a9e0,0x00000007af580000)
  to   space 10752K, 0% used [0x00000007b3600000,0x00000007b3600000,0x00000007b4080000)
 ParOldGen       total 174592K, used 2736K [0x0000000700000000, 0x000000070aa80000, 0x00000007aaa80000)
  object space 174592K, 1% used [0x0000000700000000,0x00000007002ac000,0x000000070aa80000)
 PSPermGen       total 21504K, used 15231K [0x00000006fae00000, 0x00000006fc300000, 0x0000000700000000)
  object space 21504K, 70% used [0x00000006fae00000,0x00000006fbcdfec0,0x00000006fc300000)
Event: 3.920 GC heap after
Heap after GC invocations=4 (full 0):
 PSYoungGen      total 142848K, used 10746K [0x00000007aaa80000, 0x00000007b4080000, 0x0000000800000000)
  eden space 132096K, 0% used [0x00000007aaa80000,0x00000007aaa80000,0x00000007b2b80000)
  from space 10752K, 99% used [0x00000007b3600000,0x00000007b407eb90,0x00000007b4080000)
  to   space 10752K, 0% used [0x00000007b2b80000,0x00000007b2b80000,0x00000007b3600000)
 ParOldGen       total 174592K, used 9352K [0x0000000700000000, 0x000000070aa80000, 0x00000007aaa80000)
  object space 174592K, 5% used [0x0000000700000000,0x0000000700922000,0x000000070aa80000)
 PSPermGen       total 21504K, used 15231K [0x00000006fae00000, 0x00000006fc300000, 0x0000000700000000)
  object space 21504K, 70% used [0x00000006fae00000,0x00000006fbcdfec0,0x00000006fc300000)
}
Event: 4.482 GC heap before
{Heap before GC invocations=5 (full 0):
 PSYoungGen      total 142848K, used 142842K [0x00000007aaa80000, 0x00000007b4080000, 0x0000000800000000)
  eden space 132096K, 100% used [0x00000007aaa80000,0x00000007b2b80000,0x00000007b2b80000)
  from space 10752K, 99% used [0x00000007b3600000,0x00000007b407eb90,0x00000007b4080000)
  to   space 10752K, 0% used [0x00000007b2b80000,0x00000007b2b80000,0x00000007b3600000)
 ParOldGen       total 174592K, used 9352K [0x0000000700000000, 0x000000070aa80000, 0x00000007aaa80000)
  object space 174592K, 5% used [0x0000000700000000,0x0000000700922000,0x000000070aa80000)
 PSPermGen       total 21504K, used 15231K [0x00000006fae00000, 0x00000006fc300000, 0x0000000700000000)
  object space 21504K, 70% used [0x00000006fae00000,0x00000006fbcdfee0,0x00000006fc300000)
Event: 4.501 GC heap after
Heap after GC invocations=5 (full 0):
 PSYoungGen      total 142848K, used 10746K [0x00000007aaa80000, 0x00000007be180000, 0x0000000800000000)
  eden space 132096K, 0% used [0x00000007aaa80000,0x00000007aaa80000,0x00000007b2b80000)
  from space 10752K, 99% used [0x00000007b2b80000,0x00000007b35feb90,0x00000007b3600000)
  to   space 27136K, 0% used [0x00000007bc700000,0x00000007bc700000,0x00000007be180000)
 ParOldGen       total 174592K, used 22912K [0x0000000700000000, 0x000000070aa80000, 0x00000007aaa80000)
  object space 174592K, 13% used [0x0000000700000000,0x0000000701660000,0x000000070aa80000)
 PSPermGen       total 21504K, used 15231K [0x00000006fae00000, 0x00000006fc300000, 0x0000000700000000)
  object space 21504K, 70% used [0x00000006fae00000,0x00000006fbcdfee0,0x00000006fc300000)
}

Deoptimization events (10 events):
Event: 4.681 Thread 0x00007fd712837000 Uncommon trap: reason=unreached action=reinterpret pc=0x00000001086d8778 method=java.net.URL.<init>(Ljava/net/URL;Ljava/lang/String;Ljava/net/URLStreamHandler;)V @ 228
Event: 4.681 Thread 0x00007fd712837000 Uncommon trap: reason=class_check action=maybe_recompile pc=0x00000001087054e8 method=java.util.LinkedHashMap$Entry.recordAccess(Ljava/util/HashMap;)V @ 1
Event: 4.683 Thread 0x00007fd712837000 Uncommon trap: reason=class_check action=maybe_recompile pc=0x00000001087054e8 method=java.util.LinkedHashMap$Entry.recordAccess(Ljava/util/HashMap;)V @ 1
Event: 4.693 Thread 0x00007fd712837000 Uncommon trap: reason=unreached action=reinterpret pc=0x00000001086bce68 method=java.lang.AbstractStringBuilder.append(Ljava/lang/String;)Ljava/lang/AbstractStringBuilder; @ 1
Event: 12.295 Thread 0x00007fd712837000 Uncommon trap: reason=unreached action=reinterpret pc=0x0000000108778874 method=com.badlogic.gdx.scenes.scene2d.Stage.act(F)V @ 32
Event: 12.315 Thread 0x00007fd713278000 Uncommon trap: reason=unreached action=reinterpret pc=0x0000000108775de0 method=com.google.common.collect.Iterators$7.computeNext()Ljava/lang/Object; @ 9
Event: 17.145 Thread 0x00007fd712837000 Uncommon trap: reason=class_check action=maybe_recompile pc=0x0000000108774fa8 method=com.google.common.collect.Iterators$7.computeNext()Ljava/lang/Object; @ 4
Event: 22.279 Thread 0x00007fd712837000 Uncommon trap: reason=class_check action=maybe_recompile pc=0x0000000108774fa8 method=com.google.common.collect.Iterators$7.computeNext()Ljava/lang/Object; @ 4
Event: 23.179 Thread 0x00007fd712837000 Uncommon trap: reason=class_check action=maybe_recompile pc=0x0000000108774fa8 method=com.google.common.collect.Iterators$7.computeNext()Ljava/lang/Object; @ 4
Event: 23.189 Thread 0x00007fd713278000 Uncommon trap: reason=unreached action=reinterpret pc=0x0000000108774f6c method=com.google.common.collect.Iterators$7.computeNext()Ljava/lang/Object; @ 9

Internal exceptions (10 events):
Event: 12.300 Thread 0x00007fd713278000 Threw 0x00000007ad0dff30 at /HUDSON/workspace/7u-2-build-macosx-x86_64/jdk7u45/229/hotspot/src/share/vm/prims/jvm.cpp:1244
Event: 12.300 Thread 0x00007fd713278000 Threw 0x00000007ad0e9db0 at /HUDSON/workspace/7u-2-build-macosx-x86_64/jdk7u45/229/hotspot/src/share/vm/prims/jvm.cpp:1244
Event: 12.315 Thread 0x00007fd713278000 Implicit null exception at 0x0000000108775a4c to 0x0000000108775dc1
Event: 12.316 Thread 0x00007fd713278000 Threw 0x00000007ad0f5720 at /HUDSON/workspace/7u-2-build-macosx-x86_64/jdk7u45/229/hotspot/src/share/vm/prims/jvm.cpp:1244
Event: 12.316 Thread 0x00007fd713278000 Threw 0x00000007ad100e88 at /HUDSON/workspace/7u-2-build-macosx-x86_64/jdk7u45/229/hotspot/src/share/vm/prims/jvm.cpp:1244
Event: 16.979 Thread 0x00007fd712837000 Threw 0x00000007ad874ed0 at /HUDSON/workspace/7u-2-build-macosx-x86_64/jdk7u45/229/hotspot/src/share/vm/prims/jvm.cpp:1244
Event: 23.189 Thread 0x00007fd713278000 Threw 0x00000007ad117160 at /HUDSON/workspace/7u-2-build-macosx-x86_64/jdk7u45/229/hotspot/src/share/vm/prims/jvm.cpp:1244
Event: 29.498 Thread 0x00007fd713278000 Threw 0x00000007ad134a78 at /HUDSON/workspace/7u-2-build-macosx-x86_64/jdk7u45/229/hotspot/src/share/vm/prims/jvm.cpp:1244
Event: 53.217 Thread 0x00007fd712837000 Threw 0x00000007ae7509b8 at /HUDSON/workspace/7u-2-build-macosx-x86_64/jdk7u45/229/hotspot/src/share/vm/prims/jvm.cpp:1244
Event: 53.227 Thread 0x00007fd712837000 Threw 0x00000007ae757cd8 at /HUDSON/workspace/7u-2-build-macosx-x86_64/jdk7u45/229/hotspot/src/share/vm/prims/jvm.cpp:1244

Events (10 events):
Event: 37.976 Thread 0x00007fd71281f800 Thread exited: 0x00007fd71281f800
Event: 39.605 Thread 0x00007fd715802000 Thread added: 0x00007fd715802000
Event: 44.664 Executing VM operation: RevokeBias
Event: 44.664 Executing VM operation: RevokeBias done
Event: 44.664 Thread 0x00007fd715802000 Thread exited: 0x00007fd715802000
Event: 52.991 Thread 0x00007fd715802000 Thread added: 0x00007fd715802000
Event: 53.217 loading class 0x00007fd711c0ed00
Event: 53.217 loading class 0x00007fd711c0ed00 done
Event: 53.227 loading class 0x00007fd711f47850
Event: 53.227 loading class 0x00007fd711f47850 done


Dynamic libraries:
0x0000000004fb3000 	/System/Library/Frameworks/Cocoa.framework/Versions/A/Cocoa
0x0000000004fb3000 	/System/Library/Frameworks/Security.framework/Versions/A/Security
0x0000000004fb3000 	/System/Library/Frameworks/ApplicationServices.framework/Versions/A/ApplicationServices
0x0000000004fb3000 	/usr/lib/libz.1.dylib
0x0000000004fb3000 	/usr/lib/libSystem.B.dylib
0x0000000004fb3000 	/usr/lib/libobjc.A.dylib
0x0000000004fb3000 	/System/Library/Frameworks/CoreFoundation.framework/Versions/A/CoreFoundation
0x0000000004fb3000 	/System/Library/Frameworks/Foundation.framework/Versions/C/Foundation
0x0000000004fb3000 	/System/Library/Frameworks/AppKit.framework/Versions/C/AppKit
0x0000000004fb3000 	/System/Library/Frameworks/CoreData.framework/Versions/A/CoreData
0x0000000004fb3000 	/System/Library/PrivateFrameworks/RemoteViewServices.framework/Versions/A/RemoteViewServices
0x0000000004fb3000 	/System/Library/Frameworks/AudioToolbox.framework/Versions/A/AudioToolbox
0x0000000004fb3000 	/System/Library/Frameworks/AudioUnit.framework/Versions/A/AudioUnit
0x0000000004fb3000 	/System/Library/PrivateFrameworks/DataDetectorsCore.framework/Versions/A/DataDetectorsCore
0x0000000004fb3000 	/System/Library/PrivateFrameworks/DesktopServicesPriv.framework/Versions/A/DesktopServicesPriv
0x0000000004fb3000 	/System/Library/Frameworks/Carbon.framework/Versions/A/Frameworks/HIToolbox.framework/Versions/A/HIToolbox
0x0000000004fb3000 	/System/Library/Frameworks/QuartzCore.framework/Versions/A/QuartzCore
0x0000000004fb3000 	/System/Library/Frameworks/Carbon.framework/Versions/A/Frameworks/SpeechRecognition.framework/Versions/A/SpeechRecognition
0x0000000004fb3000 	/usr/lib/libauto.dylib
0x0000000004fb3000 	/usr/lib/libicucore.A.dylib
0x0000000004fb3000 	/usr/lib/libxml2.2.dylib
0x0000000004fb3000 	/System/Library/PrivateFrameworks/CoreUI.framework/Versions/A/CoreUI
0x0000000004fb3000 	/System/Library/Frameworks/CoreAudio.framework/Versions/A/CoreAudio
0x0000000004fb3000 	/System/Library/Frameworks/DiskArbitration.framework/Versions/A/DiskArbitration
0x0000000004fb3000 	/usr/lib/liblangid.dylib
0x0000000004fb3000 	/System/Library/PrivateFrameworks/MultitouchSupport.framework/Versions/A/MultitouchSupport
0x0000000004fb3000 	/System/Library/Frameworks/IOKit.framework/Versions/A/IOKit
0x0000000004fb3000 	/usr/lib/libDiagnosticMessagesClient.dylib
0x0000000004fb3000 	/System/Library/Frameworks/CoreServices.framework/Versions/A/CoreServices
0x0000000004fb3000 	/System/Library/PrivateFrameworks/PerformanceAnalysis.framework/Versions/A/PerformanceAnalysis
0x0000000004fb3000 	/System/Library/PrivateFrameworks/GenerationalStorage.framework/Versions/A/GenerationalStorage
0x0000000004fb3000 	/System/Library/Frameworks/OpenGL.framework/Versions/A/OpenGL
0x0000000004fb3000 	/System/Library/PrivateFrameworks/Sharing.framework/Versions/A/Sharing
0x0000000004fb3000 	/System/Library/Frameworks/ImageIO.framework/Versions/A/ImageIO
0x0000000004fb3000 	/System/Library/Frameworks/CoreText.framework/Versions/A/CoreText
0x0000000004fb3000 	/System/Library/Frameworks/CoreGraphics.framework/Versions/A/CoreGraphics
0x0000000004fb3000 	/System/Library/PrivateFrameworks/Backup.framework/Versions/A/Backup
0x0000000004fb3000 	/System/Library/Frameworks/CFNetwork.framework/Versions/A/CFNetwork
0x0000000004fb3000 	/System/Library/Frameworks/SystemConfiguration.framework/Versions/A/SystemConfiguration
0x0000000004fb3000 	/usr/lib/libCRFSuite.dylib
0x0000000004fb3000 	/usr/lib/libc++.1.dylib
0x0000000004fb3000 	/usr/lib/libc++abi.dylib
0x0000000004fb3000 	/usr/lib/system/libcache.dylib
0x0000000004fb3000 	/usr/lib/system/libcommonCrypto.dylib
0x0000000004fb3000 	/usr/lib/system/libcompiler_rt.dylib
0x0000000004fb3000 	/usr/lib/system/libcopyfile.dylib
0x0000000004fb3000 	/usr/lib/system/libcorecrypto.dylib
0x0000000004fb3000 	/usr/lib/system/libdispatch.dylib
0x0000000004fb3000 	/usr/lib/system/libdyld.dylib
0x0000000004fb3000 	/usr/lib/system/libkeymgr.dylib
0x0000000004fb3000 	/usr/lib/system/liblaunch.dylib
0x0000000004fb3000 	/usr/lib/system/libmacho.dylib
0x0000000004fb3000 	/usr/lib/system/libquarantine.dylib
0x0000000004fb3000 	/usr/lib/system/libremovefile.dylib
0x0000000004fb3000 	/usr/lib/system/libsystem_asl.dylib
0x0000000004fb3000 	/usr/lib/system/libsystem_blocks.dylib
0x0000000004fb3000 	/usr/lib/system/libsystem_c.dylib
0x0000000004fb3000 	/usr/lib/system/libsystem_configuration.dylib
0x0000000004fb3000 	/usr/lib/system/libsystem_dnssd.dylib
0x0000000004fb3000 	/usr/lib/system/libsystem_info.dylib
0x0000000004fb3000 	/usr/lib/system/libsystem_kernel.dylib
0x0000000004fb3000 	/usr/lib/system/libsystem_m.dylib
0x0000000004fb3000 	/usr/lib/system/libsystem_malloc.dylib
0x0000000004fb3000 	/usr/lib/system/libsystem_network.dylib
0x0000000004fb3000 	/usr/lib/system/libsystem_notify.dylib
0x0000000004fb3000 	/usr/lib/system/libsystem_platform.dylib
0x0000000004fb3000 	/usr/lib/system/libsystem_pthread.dylib
0x0000000004fb3000 	/usr/lib/system/libsystem_sandbox.dylib
0x0000000004fb3000 	/usr/lib/system/libsystem_stats.dylib
0x0000000004fb3000 	/usr/lib/system/libunc.dylib
0x0000000004fb3000 	/usr/lib/system/libunwind.dylib
0x0000000004fb3000 	/usr/lib/system/libxpc.dylib
0x0000000004fb3000 	/usr/lib/libbsm.0.dylib
0x0000000004fb3000 	/usr/lib/libsqlite3.dylib
0x0000000004fb3000 	/usr/lib/libxar.1.dylib
0x0000000004fb3000 	/usr/lib/libpam.2.dylib
0x0000000004fb3000 	/usr/lib/libOpenScriptingUtil.dylib
0x0000000004fb3000 	/usr/lib/libbz2.1.0.dylib
0x0000000004fb3000 	/System/Library/Frameworks/CoreServices.framework/Versions/A/Frameworks/CarbonCore.framework/Versions/A/CarbonCore
0x0000000004fb3000 	/System/Library/Frameworks/CoreServices.framework/Versions/A/Frameworks/Metadata.framework/Versions/A/Metadata
0x0000000004fb3000 	/System/Library/Frameworks/CoreServices.framework/Versions/A/Frameworks/OSServices.framework/Versions/A/OSServices
0x0000000004fb3000 	/System/Library/Frameworks/CoreServices.framework/Versions/A/Frameworks/SearchKit.framework/Versions/A/SearchKit
0x0000000004fb3000 	/System/Library/Frameworks/CoreServices.framework/Versions/A/Frameworks/AE.framework/Versions/A/AE
0x0000000004fb3000 	/System/Library/Frameworks/CoreServices.framework/Versions/A/Frameworks/LaunchServices.framework/Versions/A/LaunchServices
0x0000000004fb3000 	/System/Library/Frameworks/CoreServices.framework/Versions/A/Frameworks/DictionaryServices.framework/Versions/A/DictionaryServices
0x0000000004fb3000 	/System/Library/Frameworks/NetFS.framework/Versions/A/NetFS
0x0000000004fb3000 	/usr/lib/system/libkxld.dylib
0x0000000004fb3000 	/System/Library/PrivateFrameworks/NetAuth.framework/Versions/A/NetAuth
0x0000000004fb3000 	/System/Library/PrivateFrameworks/TCC.framework/Versions/A/TCC
0x0000000004fb3000 	/System/Library/Frameworks/OpenDirectory.framework/Versions/A/Frameworks/CFOpenDirectory.framework/Versions/A/CFOpenDirectory
0x0000000004fb3000 	/System/Library/Frameworks/ServiceManagement.framework/Versions/A/ServiceManagement
0x0000000004fb3000 	/usr/lib/libxslt.1.dylib
0x0000000004fb3000 	/System/Library/Frameworks/Carbon.framework/Versions/A/Frameworks/Ink.framework/Versions/A/Ink
0x0000000004fb3000 	/System/Library/Frameworks/ApplicationServices.framework/Versions/A/Frameworks/ATS.framework/Versions/A/ATS
0x0000000004fb3000 	/System/Library/Frameworks/ApplicationServices.framework/Versions/A/Frameworks/ColorSync.framework/Versions/A/ColorSync
0x0000000004fb3000 	/System/Library/Frameworks/ApplicationServices.framework/Versions/A/Frameworks/HIServices.framework/Versions/A/HIServices
0x0000000004fb3000 	/System/Library/Frameworks/ApplicationServices.framework/Versions/A/Frameworks/LangAnalysis.framework/Versions/A/LangAnalysis
0x0000000004fb3000 	/System/Library/Frameworks/ApplicationServices.framework/Versions/A/Frameworks/PrintCore.framework/Versions/A/PrintCore
0x0000000004fb3000 	/System/Library/Frameworks/ApplicationServices.framework/Versions/A/Frameworks/QD.framework/Versions/A/QD
0x0000000004fb3000 	/System/Library/Frameworks/ApplicationServices.framework/Versions/A/Frameworks/SpeechSynthesis.framework/Versions/A/SpeechSynthesis
0x0000000004fb3000 	/System/Library/Frameworks/IOSurface.framework/Versions/A/IOSurface
0x0000000004fb3000 	/System/Library/Frameworks/Accelerate.framework/Versions/A/Accelerate
0x0000000004fb3000 	/System/Library/Frameworks/Accelerate.framework/Versions/A/Frameworks/vImage.framework/Versions/A/vImage
0x0000000004fb3000 	/System/Library/Frameworks/Accelerate.framework/Versions/A/Frameworks/vecLib.framework/Versions/A/vecLib
0x0000000004fb3000 	/System/Library/Frameworks/Accelerate.framework/Versions/A/Frameworks/vecLib.framework/Versions/A/libvDSP.dylib
0x0000000004fb3000 	/System/Library/Frameworks/Accelerate.framework/Versions/A/Frameworks/vecLib.framework/Versions/A/libvMisc.dylib
0x0000000004fb3000 	/System/Library/Frameworks/Accelerate.framework/Versions/A/Frameworks/vecLib.framework/Versions/A/libLAPACK.dylib
0x0000000004fb3000 	/System/Library/Frameworks/Accelerate.framework/Versions/A/Frameworks/vecLib.framework/Versions/A/libBLAS.dylib
0x0000000004fb3000 	/System/Library/Frameworks/ApplicationServices.framework/Versions/A/Frameworks/ATS.framework/Versions/A/Resources/libFontParser.dylib
0x0000000004fb3000 	/System/Library/Frameworks/ApplicationServices.framework/Versions/A/Frameworks/ATS.framework/Versions/A/Resources/libFontRegistry.dylib
0x0000000004fb3000 	/System/Library/Frameworks/ImageIO.framework/Versions/A/Resources/libJPEG.dylib
0x0000000004fb3000 	/System/Library/Frameworks/ImageIO.framework/Versions/A/Resources/libTIFF.dylib
0x0000000004fb3000 	/System/Library/Frameworks/ImageIO.framework/Versions/A/Resources/libPng.dylib
0x0000000004fb3000 	/System/Library/Frameworks/ImageIO.framework/Versions/A/Resources/libGIF.dylib
0x0000000004fb3000 	/System/Library/Frameworks/ImageIO.framework/Versions/A/Resources/libJP2.dylib
0x0000000004fb3000 	/System/Library/Frameworks/ImageIO.framework/Versions/A/Resources/libRadiance.dylib
0x0000000004fb3000 	/usr/lib/libcups.2.dylib
0x0000000004fb3000 	/System/Library/Frameworks/Kerberos.framework/Versions/A/Kerberos
0x0000000004fb3000 	/System/Library/Frameworks/GSS.framework/Versions/A/GSS
0x0000000004fb3000 	/usr/lib/libresolv.9.dylib
0x0000000004fb3000 	/usr/lib/libiconv.2.dylib
0x0000000004fb3000 	/System/Library/PrivateFrameworks/Heimdal.framework/Versions/A/Heimdal
0x0000000004fb3000 	/System/Library/PrivateFrameworks/TrustEvaluationAgent.framework/Versions/A/TrustEvaluationAgent
0x0000000004fb3000 	/usr/lib/libheimdal-asn1.dylib
0x0000000004fb3000 	/System/Library/Frameworks/OpenDirectory.framework/Versions/A/OpenDirectory
0x0000000004fb3000 	/System/Library/PrivateFrameworks/CommonAuth.framework/Versions/A/CommonAuth
0x0000000004fb3000 	/System/Library/Frameworks/SecurityFoundation.framework/Versions/A/SecurityFoundation
0x0000000004fb3000 	/System/Library/PrivateFrameworks/Bom.framework/Versions/A/Bom
0x0000000004fb3000 	/System/Library/Frameworks/CoreVideo.framework/Versions/A/CoreVideo
0x0000000004fb3000 	/System/Library/Frameworks/QuartzCore.framework/Versions/A/Frameworks/CoreImage.framework/Versions/A/CoreImage
0x0000000004fb3000 	/System/Library/Frameworks/QuartzCore.framework/Versions/A/Frameworks/ScalableUserInterface.framework/Versions/A/ScalableUserInterface
0x0000000004fb3000 	/System/Library/Frameworks/OpenGL.framework/Versions/A/Libraries/libGLU.dylib
0x0000000004fb3000 	/System/Library/Frameworks/OpenGL.framework/Versions/A/Libraries/libGFXShared.dylib
0x0000000004fb3000 	/System/Library/Frameworks/OpenGL.framework/Versions/A/Libraries/libGL.dylib
0x0000000004fb3000 	/System/Library/Frameworks/OpenGL.framework/Versions/A/Libraries/libGLImage.dylib
0x0000000004fb3000 	/System/Library/Frameworks/OpenGL.framework/Versions/A/Libraries/libCVMSPluginSupport.dylib
0x0000000004fb3000 	/System/Library/Frameworks/OpenGL.framework/Versions/A/Libraries/libCoreVMClient.dylib
0x0000000004fb3000 	/System/Library/PrivateFrameworks/FaceCore.framework/Versions/A/FaceCore
0x0000000004fb3000 	/System/Library/PrivateFrameworks/CrashReporterSupport.framework/Versions/A/CrashReporterSupport
0x0000000004fb3000 	/System/Library/Frameworks/OpenCL.framework/Versions/A/OpenCL
0x0000000004fb3000 	/System/Library/PrivateFrameworks/AppleFSCompression.framework/Versions/A/AppleFSCompression
0x0000000004fb3000 	/System/Library/PrivateFrameworks/Ubiquity.framework/Versions/A/Ubiquity
0x0000000004fb3000 	/System/Library/PrivateFrameworks/IconServices.framework/Versions/A/IconServices
0x0000000004fb3000 	/System/Library/PrivateFrameworks/ChunkingLibrary.framework/Versions/A/ChunkingLibrary
0x0000000004fb3000 	/System/Library/PrivateFrameworks/CoreSymbolication.framework/Versions/A/CoreSymbolication
0x0000000004fb3000 	/System/Library/PrivateFrameworks/Symbolication.framework/Versions/A/Symbolication
0x0000000004fb3000 	/System/Library/PrivateFrameworks/DebugSymbols.framework/Versions/A/DebugSymbols
0x0000000107a00000 	/Library/Java/JavaVirtualMachines/jdk1.7.0_45.jdk/Contents/Home/jre/lib/server/libjvm.dylib
0x0000000004fb3000 	/usr/lib/libstdc++.6.dylib
0x00000001069ee000 	/Library/Java/JavaVirtualMachines/jdk1.7.0_45.jdk/Contents/Home/jre/lib/libverify.dylib
0x0000000108556000 	/Library/Java/JavaVirtualMachines/jdk1.7.0_45.jdk/Contents/Home/jre/lib/libjava.dylib
0x0000000108586000 	/Library/Java/JavaVirtualMachines/jdk1.7.0_45.jdk/Contents/Home/jre/lib/libjdwp.dylib
0x00000001069fc000 	/Library/Java/JavaVirtualMachines/jdk1.7.0_45.jdk/Contents/Home/jre/lib/libnpt.dylib
0x00000001085c3000 	/Library/Java/JavaVirtualMachines/jdk1.7.0_45.jdk/Contents/Home/jre/lib/libinstrument.dylib
0x000000010861e000 	/Library/Java/JavaVirtualMachines/jdk1.7.0_45.jdk/Contents/Home/jre/lib/libzip.dylib
0x00000001179c9000 	/System/Library/Frameworks/JavaVM.framework/Frameworks/JavaRuntimeSupport.framework/JavaRuntimeSupport
0x00000001179e1000 	/System/Library/Frameworks/JavaVM.framework/Versions/A/Frameworks/JavaNativeFoundation.framework/Versions/A/JavaNativeFoundation
0x00000001179f6000 	/System/Library/Frameworks/JavaVM.framework/Versions/A/JavaVM
0x0000000004fb3000 	/System/Library/Frameworks/Carbon.framework/Versions/A/Carbon
0x0000000117a03000 	/System/Library/PrivateFrameworks/JavaLaunching.framework/Versions/A/JavaLaunching
0x0000000004fb3000 	/System/Library/Frameworks/Carbon.framework/Versions/A/Frameworks/CommonPanels.framework/Versions/A/CommonPanels
0x0000000004fb3000 	/System/Library/Frameworks/Carbon.framework/Versions/A/Frameworks/Help.framework/Versions/A/Help
0x0000000004fb3000 	/System/Library/Frameworks/Carbon.framework/Versions/A/Frameworks/ImageCapture.framework/Versions/A/ImageCapture
0x0000000004fb3000 	/System/Library/Frameworks/Carbon.framework/Versions/A/Frameworks/OpenScripting.framework/Versions/A/OpenScripting
0x0000000004fb3000 	/System/Library/Frameworks/Carbon.framework/Versions/A/Frameworks/Print.framework/Versions/A/Print
0x0000000004fb3000 	/System/Library/Frameworks/Carbon.framework/Versions/A/Frameworks/SecurityHI.framework/Versions/A/SecurityHI
0x0000000117c1a000 	/Library/Java/JavaVirtualMachines/jdk1.7.0_45.jdk/Contents/Home/jre/lib/libdt_socket.dylib
0x0000000118647000 	/private/var/folders/6p/cjjl9fhj7wn44rvm0bv5sb6m0000gp/T/libgdxrgee/92bf976d/libgdx.dylib
0x000000011878c000 	/Library/Java/JavaVirtualMachines/jdk1.7.0_45.jdk/Contents/Home/jre/lib/libawt.dylib
0x000000011883b000 	/Library/Java/JavaVirtualMachines/jdk1.7.0_45.jdk/Contents/Home/jre/lib/./libmlib_image.dylib
0x0000000118907000 	/Library/Java/JavaVirtualMachines/jdk1.7.0_45.jdk/Contents/Home/jre/lib/lwawt/liblwawt.dylib
0x00000001189bb000 	/Library/Java/JavaVirtualMachines/jdk1.7.0_45.jdk/Contents/Home/jre/lib/libosxapp.dylib
0x0000000004fb3000 	/System/Library/Frameworks/ExceptionHandling.framework/Versions/A/ExceptionHandling
0x0000000004fb3000 	/System/Library/PrivateFrameworks/CoreServicesInternal.framework/Versions/A/CoreServicesInternal
0x0000000004fb3000 	/System/Library/PrivateFrameworks/Librarian.framework/Versions/A/Librarian
0x0000000004fb3000 	/System/Library/Frameworks/CoreGraphics.framework/Versions/A/Resources/libCGCMS.A.dylib
0x0000000004fb3000 	/System/Library/Frameworks/CoreGraphics.framework/Versions/A/Resources/libRIP.A.dylib
0x0000000004fb3000 	/System/Library/Frameworks/CoreGraphics.framework/Versions/A/Resources/libCGXType.A.dylib
0x0000000004fb3000 	/System/Library/PrivateFrameworks/FamilyControls.framework/Versions/A/FamilyControls
0x0000000004fb3000 	/System/Library/PrivateFrameworks/CommerceKit.framework/Versions/A/Frameworks/CommerceCore.framework/Versions/A/CommerceCore
0x0000000004fb3000 	/System/Library/PrivateFrameworks/SystemAdministration.framework/Versions/A/SystemAdministration
0x0000000004fb3000 	/System/Library/Frameworks/DirectoryService.framework/Versions/A/DirectoryService
0x0000000004fb3000 	/System/Library/PrivateFrameworks/DiskImages.framework/Versions/A/DiskImages
0x0000000004fb3000 	/System/Library/PrivateFrameworks/LoginUIKit.framework/Versions/A/Frameworks/LoginUICore.framework/Versions/A/LoginUICore
0x0000000004fb3000 	/usr/lib/libCoreStorage.dylib
0x0000000004fb3000 	/usr/lib/libcsfde.dylib
0x0000000004fb3000 	/usr/lib/libodfde.dylib
0x0000000004fb3000 	/System/Library/Frameworks/DiscRecording.framework/Versions/A/DiscRecording
0x0000000004fb3000 	/usr/lib/libcurl.4.dylib
0x0000000004fb3000 	/System/Library/PrivateFrameworks/MediaKit.framework/Versions/A/MediaKit
0x0000000004fb3000 	/System/Library/PrivateFrameworks/EFILogin.framework/Versions/A/EFILogin
0x0000000004fb3000 	/usr/lib/libutil.dylib
0x0000000004fb3000 	/System/Library/PrivateFrameworks/AOSNotification.framework/Versions/A/AOSNotification
0x0000000004fb3000 	/System/Library/Frameworks/LDAP.framework/Versions/A/LDAP
0x0000000004fb3000 	/usr/lib/libsasl2.2.dylib
0x0000000004fb3000 	/usr/lib/libcrypto.0.9.8.dylib
0x0000000004fb3000 	/usr/lib/libssl.0.9.8.dylib
0x000000011cd41000 	/Library/Java/JavaVirtualMachines/jdk1.7.0_45.jdk/Contents/Home/jre/lib/libfontmanager.dylib
0x000000011cda5000 	/private/var/folders/6p/cjjl9fhj7wn44rvm0bv5sb6m0000gp/T/libgdxrgee/75260a42/liblwjgl.jnilib
0x000000011a239000 	/Library/Java/JavaVirtualMachines/jdk1.7.0_45.jdk/Contents/Home/jre/lib/libjawt.dylib
0x000000011ce20000 	/var/folders/6p/cjjl9fhj7wn44rvm0bv5sb6m0000gp/T/libgdxrgee/75260a42/openal.dylib
0x000000011ce7c000 	/System/Library/Components/CoreAudio.component/Contents/MacOS/CoreAudio
0x000000011b3f0000 	/System/Library/Extensions/AppleHDA.kext/Contents/PlugIns/AppleHDAHALPlugIn.bundle/Contents/MacOS/AppleHDAHALPlugIn
0x0000000004fb3000 	/System/Library/Frameworks/OpenGL.framework/Versions/A/Resources/GLEngine.bundle/GLEngine
0x0000000004fb3000 	/System/Library/Frameworks/OpenGL.framework/Versions/A/Libraries/libGLProgrammability.dylib
0x0000000000000000 	/System/Library/Extensions/GeForceGLDriver.bundle/Contents/MacOS/GeForceGLDriver
0x0000000004fb3000 	/System/Library/PrivateFrameworks/IOAccelerator.framework/Versions/A/IOAccelerator
0x0000000004fb3000 	/System/Library/PrivateFrameworks/GPUSupport.framework/Versions/A/Libraries/libGPUSupportMercury.dylib
0x0000000004fb3000 	/System/Library/Extensions/GeForceGLDriver.bundle/Contents/MacOS/libclh.dylib
0x0000000000000000 	/System/Library/Extensions/AppleIntelHD5000GraphicsGLDriver.bundle/Contents/MacOS/AppleIntelHD5000GraphicsGLDriver
0x0000000004fb3000 	/System/Library/Frameworks/OpenGL.framework/Versions/A/Resources/GLRendererFloat.bundle/GLRendererFloat
0x0000000004fb3000 	/System/Library/Frameworks/OpenCL.framework/Versions/A/Libraries/libcldcpuengine.dylib
0x000000011f2fe000 	/Library/Java/JavaVirtualMachines/jdk1.7.0_45.jdk/Contents/Home/jre/lib/libnio.dylib
0x000000011f72b000 	/Library/Java/JavaVirtualMachines/jdk1.7.0_45.jdk/Contents/Home/jre/lib/./libnet.dylib

VM Arguments:
jvm_args: -agentlib:jdwp=transport=dt_socket,address=127.0.0.1:64145,suspend=y,server=n -javaagent:/Users/rgee/Library/Caches/IdeaIC13/groovyHotSwap/gragent.jar -Dfile.encoding=UTF-8 
java_command: com.ziodyne.sometrpg.Main
Launcher Type: SUN_STANDARD

Environment Variables:
PATH=/usr/bin:/bin:/usr/sbin:/sbin:/usr/local/bin
SHELL=/bin/zsh

Signal Handlers:
SIGSEGV: [libjvm.dylib+0x525415], sa_mask[0]=0xfffefeff, sa_flags=0x00000043
SIGBUS: [libjvm.dylib+0x525415], sa_mask[0]=0xfffefeff, sa_flags=0x00000042
SIGFPE: [libjvm.dylib+0x41891a], sa_mask[0]=0xfffefeff, sa_flags=0x00000042
SIGPIPE: [libjvm.dylib+0x41891a], sa_mask[0]=0xfffefeff, sa_flags=0x00000042
SIGXFSZ: [libjvm.dylib+0x41891a], sa_mask[0]=0xfffefeff, sa_flags=0x00000042
SIGILL: [libjvm.dylib+0x41891a], sa_mask[0]=0xfffefeff, sa_flags=0x00000042
SIGUSR1: SIG_DFL, sa_mask[0]=0x00000000, sa_flags=0x00000002
SIGUSR2: [libjvm.dylib+0x41840c], sa_mask[0]=0x00000004, sa_flags=0x00000042
SIGHUP: [libjvm.dylib+0x41669b], sa_mask[0]=0xfffefeff, sa_flags=0x00000042
SIGINT: [libjvm.dylib+0x41669b], sa_mask[0]=0xfffefeff, sa_flags=0x00000042
SIGTERM: [libjvm.dylib+0x41669b], sa_mask[0]=0xfffefeff, sa_flags=0x00000042
SIGQUIT: [libjvm.dylib+0x41669b], sa_mask[0]=0xfffefeff, sa_flags=0x00000042


---------------  S Y S T E M  ---------------

OS:Bsduname:Darwin 13.0.2 Darwin Kernel Version 13.0.2: Sun Sep 29 19:38:57 PDT 2013; root:xnu-2422.75.4~1/RELEASE_X86_64 x86_64
rlimit: STACK 8192k, CORE 0k, NPROC 709, NOFILE 10240, AS infinity
load average:1.81 2.08 1.99

CPU:total 8 (4 cores per cpu, 2 threads per core) family 6 model 70 stepping 1, cmov, cx8, fxsr, mmx, sse, sse2, sse3, ssse3, sse4.1, sse4.2, popcnt, avx, avx2, aes, erms, ht, tsc, tscinvbit

Memory: 4k page, physical 16777216k(4194304k free)

/proc/meminfo:


vm_info: Java HotSpot(TM) 64-Bit Server VM (24.45-b08) for bsd-amd64 JRE (1.7.0_45-b18), built on Oct  8 2013 05:54:16 by "java_re" with gcc 4.2.1 (Based on Apple Inc. build 5658) (LLVM build 2336.11.00)

time: Sat Feb  8 16:30:11 2014
elapsed time: 53 seconds

