#
# A fatal error has been detected by the Java Runtime Environment:
#
#  SIGSEGV (0xb) at pc=0x00007fff93c30d50, pid=85296, tid=64771
#
# JRE version: Java(TM) SE Runtime Environment (7.0_45-b18) (build 1.7.0_45-b18)
# Java VM: Java HotSpot(TM) 64-Bit Server VM (24.45-b08 mixed mode bsd-amd64 compressed oops)
# Problematic frame:
# C  [libsystem_platform.dylib+0x4d50]  _platform_strcmp+0x50
#
# Failed to write core dump. Core dumps have been disabled. To enable core dumping, try "ulimit -c unlimited" before starting Java again
#
# If you would like to submit a bug report, please visit:
#   http://bugreport.sun.com/bugreport/crash.jsp
# The crash happened outside the Java Virtual Machine in native code.
# See problematic frame for where to report the bug.
#

---------------  T H R E A D  ---------------

Current thread (0x00007f946b095000):  JavaThread "LWJGL Application" [_thread_in_native, id=64771, stack(0x0000000116d2d000,0x0000000116e2d000)]

siginfo:si_signo=SIGSEGV: si_errno=0, si_code=0 (SEGV0), si_addr=0x0000000000000000

Registers:
RAX=0x0000000000000000, RBX=0x00000000204f20fe, RCX=0x0000000000000000, RDX=0x00007f946d0b000c
RSP=0x0000000116e2a810, RBP=0x0000000116e2a810, RSI=0x0000000116e2a87e, RDI=0x3f00000000000000
R8 =0x0000000000000001, R9 =0x0000000000000780, R10=0x00000001021dbb58, R11=0xfffffff96987563e
R12=0x00000000000000fe, R13=0x0000000116e2a87e, R14=0x00007f946a6114d0, R15=0x00007f946a76c740
RIP=0x00007fff93c30d50, EFLAGS=0x0000000000010202, ERR=0x0000000000000000
  TRAPNO=0x000000000000000d

Top of Stack: (sp=0x0000000116e2a810)
0x0000000116e2a810:   0000000116e2a860 00000001021597e3
0x0000000116e2a820:   0000000000000029 000000296b095000
0x0000000116e2a830:   0000000116e2a87e 0000000116e2acc8
0x0000000116e2a840:   0000000000000029 0000000116e2a87e
0x0000000116e2a850:   00007f946a6114d0 00007f946b0951e8
0x0000000116e2a860:   0000000116e2acb0 0000000102158570
0x0000000116e2a870:   00007f946b095000 6f63000100000001
0x0000000116e2a880:   656c676f6f672f6d 2f7463656a6e692f
0x0000000116e2a890:   6c616e7265746e69 2473726f7272452f
0x0000000116e2a8a0:   007373616c632e31 00000001004bae00
0x0000000116e2a8b0:   0000000116e2a8f0 00007fff90b52272
0x0000000116e2a8c0:   ad5b0006004b9a00 00000001004b9a00
0x0000000116e2a8d0:   00000001004b6000 00000001004bae00
0x0000000116e2a8e0:   00007f946a76d3e2 0000000000001400
0x0000000116e2a8f0:   0000000116e2a9d0 00007fff90b526ca
0x0000000116e2a900:   0000000101b4ae7c 00007f946a502eb0
0x0000000116e2a910:   0000000000001400 000000000000005b
0x0000000116e2a920:   000000006a502eb0 0000000101d5ab68
0x0000000116e2a930:   00007f946b095000 00000000ffffffff
0x0000000116e2a940:   0000000116e2a9b0 00000001017c2371
0x0000000116e2a950:   00007f946b095000 00007f946a502eb0
0x0000000116e2a960:   0000000101d637a0 00000001004b6000
0x0000000116e2a970:   0000000000001002 0000000000000006
0x0000000116e2a980:   00000001004bae00 0000003000000020
0x0000000116e2a990:   ff80000000001002 0000000116e2ffff
0x0000000116e2a9a0:   000000000000005a 000000000000005a
0x0000000116e2a9b0:   00007f946a76d3e0 00000001004bae00
0x0000000116e2a9c0:   0000000116e2aa60 00007fff90b4b19a
0x0000000116e2a9d0:   0000000000000000 00007f946a7fc080
0x0000000116e2a9e0:   00007f946a613ba8 00000000000006d5
0x0000000116e2a9f0:   000000000006d500 0000000000000020
0x0000000116e2aa00:   00007f940000676e 00007f9400000002 

Instructions: (pc=0x00007fff93c30d50)
0x00007fff93c30d30:   d2 48 f7 c6 0f 00 00 00 74 76 49 89 f1 49 f7 d9
0x00007fff93c30d40:   49 81 e1 f0 0f 00 00 74 3a 0f 1f 80 00 00 00 00
0x00007fff93c30d50:   66 0f 6f 04 0f f3 0f 6f 0c 0e 66 0f 74 c1 66 0f
0x00007fff93c30d60:   74 ca 66 0f df c8 66 0f d7 c1 48 83 c1 10 3d ff 

Register to memory mapping:

RAX=0x0000000000000000 is an unknown value
RBX=0x00000000204f20fe is an unknown value
RCX=0x0000000000000000 is an unknown value
RDX=0x00007f946d0b000c is an unknown value
RSP=0x0000000116e2a810 is pointing into the stack for thread: 0x00007f946b095000
RBP=0x0000000116e2a810 is pointing into the stack for thread: 0x00007f946b095000
RSI=0x0000000116e2a87e is pointing into the stack for thread: 0x00007f946b095000
RDI=0x3f00000000000000 is an unknown value
R8 =0x0000000000000001 is an unknown value
R9 =0x0000000000000780 is an unknown value
R10=0x00000001021dbb58 is at entry_point+88 in (nmethod*)0x00000001021db990
R11=0xfffffff96987563e is an unknown value
R12=0x00000000000000fe is an unknown value
R13=0x0000000116e2a87e is pointing into the stack for thread: 0x00007f946b095000
R14=0x00007f946a6114d0 is an unknown value
R15=0x00007f946a76c740 is an unknown value


Stack: [0x0000000116d2d000,0x0000000116e2d000],  sp=0x0000000116e2a810,  free space=1014k
Native frames: (J=compiled Java code, j=interpreted, Vv=VM code, C=native code)
C  [libsystem_platform.dylib+0x4d50]  _platform_strcmp+0x50
C  [libzip.dylib+0x37e3]  ZIP_GetEntry+0x160
C  [libzip.dylib+0x2570]  Java_java_util_zip_ZipFile_getEntry+0xdd
J  java.util.zip.ZipFile.getEntry(J[BZ)J

Java frames: (J=compiled Java code, j=interpreted, Vv=VM code)
J  java.util.zip.ZipFile.getEntry(J[BZ)J
J  sun.misc.URLClassPath.getResource(Ljava/lang/String;Z)Lsun/misc/Resource;
j  java.net.URLClassLoader$1.run()Ljava/lang/Class;+26
j  java.net.URLClassLoader$1.run()Ljava/lang/Object;+1
v  ~StubRoutines::call_stub
j  java.security.AccessController.doPrivileged(Ljava/security/PrivilegedExceptionAction;Ljava/security/AccessControlContext;)Ljava/lang/Object;+0
j  java.net.URLClassLoader.findClass(Ljava/lang/String;)Ljava/lang/Class;+13
j  java.lang.ClassLoader.loadClass(Ljava/lang/String;Z)Ljava/lang/Class;+70
j  sun.misc.Launcher$AppClassLoader.loadClass(Ljava/lang/String;Z)Ljava/lang/Class;+36
j  java.lang.ClassLoader.loadClass(Ljava/lang/String;)Ljava/lang/Class;+3
v  ~StubRoutines::call_stub
j  com.google.inject.internal.Errors.getMessages()Ljava/util/List;+26
j  com.google.inject.internal.InjectorImpl$3.get()Ljava/lang/Object;+49
j  com.google.inject.internal.InjectorImpl.getInstance(Ljava/lang/Class;)Ljava/lang/Object;+5
j  com.ziodyne.sometrpg.view.SomeTRPG.create()V+46
j  com.badlogic.gdx.backends.lwjgl.LwjglApplication.mainLoop()V+29
j  com.badlogic.gdx.backends.lwjgl.LwjglApplication$1.run()V+27
v  ~StubRoutines::call_stub

---------------  P R O C E S S  ---------------

Java Threads: ( => current thread )
  0x00007f946b095800 JavaThread "DestroyJavaVM" [_thread_blocked, id=6403, stack(0x0000000102054000,0x0000000102154000)]
=>0x00007f946b095000 JavaThread "LWJGL Application" [_thread_in_native, id=64771, stack(0x0000000116d2d000,0x0000000116e2d000)]
  0x00007f946b8be800 JavaThread "AWT-Shutdown" [_thread_blocked, id=30731, stack(0x0000000113a4e000,0x0000000113b4e000)]
  0x00007f946d84c000 JavaThread "AppKit Thread" daemon [_thread_in_native, id=1287, stack(0x00007fff5f6e3000,0x00007fff5f763000)]
  0x00007f946b000800 JavaThread "Monitor Ctrl-Break" daemon [_thread_in_native, id=22275, stack(0x0000000111e93000,0x0000000111f93000)]
  0x00007f946d814800 JavaThread "Service Thread" daemon [_thread_blocked, id=21251, stack(0x000000011197f000,0x0000000111a7f000)]
  0x00007f946b82e000 JavaThread "C2 CompilerThread1" daemon [_thread_blocked, id=20739, stack(0x000000011187c000,0x000000011197c000)]
  0x00007f946d01e800 JavaThread "C2 CompilerThread0" daemon [_thread_blocked, id=20227, stack(0x0000000111779000,0x0000000111879000)]
  0x00007f946d814000 JavaThread "Signal Dispatcher" daemon [_thread_blocked, id=19715, stack(0x0000000111676000,0x0000000111776000)]
  0x00007f946d008000 JavaThread "Finalizer" daemon [_thread_blocked, id=14595, stack(0x0000000111427000,0x0000000111527000)]
  0x00007f946d005800 JavaThread "Reference Handler" daemon [_thread_blocked, id=14083, stack(0x0000000111324000,0x0000000111424000)]

Other Threads:
  0x00007f946d813000 VMThread [stack: 0x0000000111221000,0x0000000111321000] [id=13571]
  0x00007f946d825800 WatcherThread [stack: 0x0000000111a82000,0x0000000111b82000] [id=21763]

VM state:not at safepoint (normal execution)

VM Mutex/Monitor currently owned by a thread: None

Heap
 PSYoungGen      total 76800K, used 44996K [0x00000007aaa80000, 0x00000007b0000000, 0x0000000800000000)
  eden space 66048K, 68% used [0x00000007aaa80000,0x00000007ad671300,0x00000007aeb00000)
  from space 10752K, 0% used [0x00000007af580000,0x00000007af580000,0x00000007b0000000)
  to   space 10752K, 0% used [0x00000007aeb00000,0x00000007aeb00000,0x00000007af580000)
 ParOldGen       total 174592K, used 0K [0x0000000700000000, 0x000000070aa80000, 0x00000007aaa80000)
  object space 174592K, 0% used [0x0000000700000000,0x0000000700000000,0x000000070aa80000)
 PSPermGen       total 21504K, used 9627K [0x00000006fae00000, 0x00000006fc300000, 0x0000000700000000)
  object space 21504K, 44% used [0x00000006fae00000,0x00000006fb766d90,0x00000006fc300000)

Card table byte_map: [0x000000010521f000,0x0000000105a49000] byte_map_base: 0x0000000101a48000

Polling page: 0x00000001005ee000

Code Cache  [0x000000010215f000, 0x00000001023cf000, 0x000000010515f000)
 total_blobs=431 nmethods=70 adapters=315 free_code_cache=48519Kb largest_free_block=49667392

Compilation events (10 events):
Event: 1.616 Thread 0x00007f946d01e800   65             java.util.zip.ZStreamRef::address (5 bytes)
Event: 1.616 Thread 0x00007f946d01e800 nmethod 65 0x00000001021f6e10 code [0x00000001021f6f40, 0x00000001021f6f98]
Event: 1.666 Thread 0x00007f946b82e000   66   !         java.net.URL::<init> (543 bytes)
Event: 1.696 Thread 0x00007f946b82e000 nmethod 66 0x00000001021fcc50 code [0x00000001021fcf80, 0x00000001021fe840]
Event: 1.708 Thread 0x00007f946d01e800   67             java.lang.AbstractStringBuilder::append (29 bytes)
Event: 1.711 Thread 0x00007f946d01e800 nmethod 67 0x00000001021f54d0 code [0x00000001021f5620, 0x00000001021f5958]
Event: 1.729 Thread 0x00007f946b82e000   68             com.google.inject.internal.asm.$Type::a (267 bytes)
Event: 1.733 Thread 0x00007f946b82e000 nmethod 68 0x00000001021fabd0 code [0x00000001021fae80, 0x00000001021fb3e8]
Event: 1.733 Thread 0x00007f946d01e800   69             com.google.inject.internal.asm.$ByteVector::putUTF8 (394 bytes)
Event: 1.742 Thread 0x00007f946b82e000   70             java.lang.String::indexOf (7 bytes)

GC Heap History (0 events):
No events

Deoptimization events (0 events):
No events

Internal exceptions (10 events):
Event: 1.731 Thread 0x00007f946b095000 Threw 0x00000007ad539bd8 at /HUDSON/workspace/7u-2-build-macosx-x86_64/jdk7u45/229/hotspot/src/share/vm/prims/jvm.cpp:1244
Event: 1.731 Thread 0x00007f946b095000 Threw 0x00000007ad5431f8 at /HUDSON/workspace/7u-2-build-macosx-x86_64/jdk7u45/229/hotspot/src/share/vm/prims/jvm.cpp:1244
Event: 1.734 Thread 0x00007f946b095000 Threw 0x00000007ad56a238 at /HUDSON/workspace/7u-2-build-macosx-x86_64/jdk7u45/229/hotspot/src/share/vm/prims/jvm.cpp:1244
Event: 1.735 Thread 0x00007f946b095000 Threw 0x00000007ad5720e8 at /HUDSON/workspace/7u-2-build-macosx-x86_64/jdk7u45/229/hotspot/src/share/vm/prims/jvm.cpp:1244
Event: 1.735 Thread 0x00007f946b095000 Threw 0x00000007ad57a188 at /HUDSON/workspace/7u-2-build-macosx-x86_64/jdk7u45/229/hotspot/src/share/vm/prims/jvm.cpp:1244
Event: 1.737 Thread 0x00007f946b095000 Threw 0x00000007ad5813e8 at /HUDSON/workspace/7u-2-build-macosx-x86_64/jdk7u45/229/hotspot/src/share/vm/prims/jvm.cpp:1244
Event: 1.737 Thread 0x00007f946b095000 Threw 0x00000007ad58d708 at /HUDSON/workspace/7u-2-build-macosx-x86_64/jdk7u45/229/hotspot/src/share/vm/prims/jvm.cpp:1244
Event: 1.738 Thread 0x00007f946b095000 Threw 0x00000007ad597cf0 at /HUDSON/workspace/7u-2-build-macosx-x86_64/jdk7u45/229/hotspot/src/share/vm/prims/jvm.cpp:1244
Event: 1.739 Thread 0x00007f946b095000 Threw 0x00000007ad5a6190 at /HUDSON/workspace/7u-2-build-macosx-x86_64/jdk7u45/229/hotspot/src/share/vm/prims/jvm.cpp:1244
Event: 1.742 Thread 0x00007f946b095000 Threw 0x00000007ad5b2070 at /HUDSON/workspace/7u-2-build-macosx-x86_64/jdk7u45/229/hotspot/src/share/vm/prims/jvm.cpp:1244

Events (10 events):
Event: 1.741 loading class 0x00007f946e1458e0
Event: 1.741 loading class 0x00007f946e1458e0 done
Event: 1.742 loading class 0x00007f946e145a60
Event: 1.742 loading class 0x00007f946e145a60 done
Event: 1.742 loading class 0x00007f946e145a30
Event: 1.742 loading class 0x00007f946e145a30 done
Event: 1.742 loading class 0x00007f946e146b70
Event: 1.742 loading class 0x00007f946e146b70 done
Event: 1.742 loading class 0x00007f946a63fdf0
Event: 1.742 loading class 0x00007f946a63fdf0 done


Dynamic libraries:
0x000000000b17c000 	/System/Library/Frameworks/Cocoa.framework/Versions/A/Cocoa
0x000000000b17c000 	/System/Library/Frameworks/Security.framework/Versions/A/Security
0x000000000b17c000 	/System/Library/Frameworks/ApplicationServices.framework/Versions/A/ApplicationServices
0x000000000b17c000 	/usr/lib/libz.1.dylib
0x000000000b17c000 	/usr/lib/libSystem.B.dylib
0x000000000b17c000 	/usr/lib/libobjc.A.dylib
0x000000000b17c000 	/System/Library/Frameworks/CoreFoundation.framework/Versions/A/CoreFoundation
0x000000000b17c000 	/System/Library/Frameworks/Foundation.framework/Versions/C/Foundation
0x000000000b17c000 	/System/Library/Frameworks/AppKit.framework/Versions/C/AppKit
0x000000000b17c000 	/System/Library/Frameworks/CoreData.framework/Versions/A/CoreData
0x000000000b17c000 	/System/Library/PrivateFrameworks/RemoteViewServices.framework/Versions/A/RemoteViewServices
0x000000000b17c000 	/System/Library/Frameworks/AudioToolbox.framework/Versions/A/AudioToolbox
0x000000000b17c000 	/System/Library/Frameworks/AudioUnit.framework/Versions/A/AudioUnit
0x000000000b17c000 	/System/Library/PrivateFrameworks/DataDetectorsCore.framework/Versions/A/DataDetectorsCore
0x000000000b17c000 	/System/Library/PrivateFrameworks/DesktopServicesPriv.framework/Versions/A/DesktopServicesPriv
0x000000000b17c000 	/System/Library/Frameworks/Carbon.framework/Versions/A/Frameworks/HIToolbox.framework/Versions/A/HIToolbox
0x000000000b17c000 	/System/Library/Frameworks/QuartzCore.framework/Versions/A/QuartzCore
0x000000000b17c000 	/System/Library/Frameworks/Carbon.framework/Versions/A/Frameworks/SpeechRecognition.framework/Versions/A/SpeechRecognition
0x000000000b17c000 	/usr/lib/libauto.dylib
0x000000000b17c000 	/usr/lib/libicucore.A.dylib
0x000000000b17c000 	/usr/lib/libxml2.2.dylib
0x000000000b17c000 	/System/Library/PrivateFrameworks/CoreUI.framework/Versions/A/CoreUI
0x000000000b17c000 	/System/Library/Frameworks/CoreAudio.framework/Versions/A/CoreAudio
0x000000000b17c000 	/System/Library/Frameworks/DiskArbitration.framework/Versions/A/DiskArbitration
0x000000000b17c000 	/usr/lib/liblangid.dylib
0x000000000b17c000 	/System/Library/PrivateFrameworks/MultitouchSupport.framework/Versions/A/MultitouchSupport
0x000000000b17c000 	/System/Library/Frameworks/IOKit.framework/Versions/A/IOKit
0x000000000b17c000 	/usr/lib/libDiagnosticMessagesClient.dylib
0x000000000b17c000 	/System/Library/Frameworks/CoreServices.framework/Versions/A/CoreServices
0x000000000b17c000 	/System/Library/PrivateFrameworks/PerformanceAnalysis.framework/Versions/A/PerformanceAnalysis
0x000000000b17c000 	/System/Library/PrivateFrameworks/GenerationalStorage.framework/Versions/A/GenerationalStorage
0x000000000b17c000 	/System/Library/Frameworks/OpenGL.framework/Versions/A/OpenGL
0x000000000b17c000 	/System/Library/PrivateFrameworks/Sharing.framework/Versions/A/Sharing
0x000000000b17c000 	/System/Library/Frameworks/ImageIO.framework/Versions/A/ImageIO
0x000000000b17c000 	/System/Library/Frameworks/CoreText.framework/Versions/A/CoreText
0x000000000b17c000 	/System/Library/Frameworks/CoreGraphics.framework/Versions/A/CoreGraphics
0x000000000b17c000 	/System/Library/PrivateFrameworks/Backup.framework/Versions/A/Backup
0x000000000b17c000 	/System/Library/Frameworks/CFNetwork.framework/Versions/A/CFNetwork
0x000000000b17c000 	/System/Library/Frameworks/SystemConfiguration.framework/Versions/A/SystemConfiguration
0x000000000b17c000 	/usr/lib/libCRFSuite.dylib
0x000000000b17c000 	/usr/lib/libc++.1.dylib
0x000000000b17c000 	/usr/lib/libc++abi.dylib
0x000000000b17c000 	/usr/lib/system/libcache.dylib
0x000000000b17c000 	/usr/lib/system/libcommonCrypto.dylib
0x000000000b17c000 	/usr/lib/system/libcompiler_rt.dylib
0x000000000b17c000 	/usr/lib/system/libcopyfile.dylib
0x000000000b17c000 	/usr/lib/system/libcorecrypto.dylib
0x000000000b17c000 	/usr/lib/system/libdispatch.dylib
0x000000000b17c000 	/usr/lib/system/libdyld.dylib
0x000000000b17c000 	/usr/lib/system/libkeymgr.dylib
0x000000000b17c000 	/usr/lib/system/liblaunch.dylib
0x000000000b17c000 	/usr/lib/system/libmacho.dylib
0x000000000b17c000 	/usr/lib/system/libquarantine.dylib
0x000000000b17c000 	/usr/lib/system/libremovefile.dylib
0x000000000b17c000 	/usr/lib/system/libsystem_asl.dylib
0x000000000b17c000 	/usr/lib/system/libsystem_blocks.dylib
0x000000000b17c000 	/usr/lib/system/libsystem_c.dylib
0x000000000b17c000 	/usr/lib/system/libsystem_configuration.dylib
0x000000000b17c000 	/usr/lib/system/libsystem_dnssd.dylib
0x000000000b17c000 	/usr/lib/system/libsystem_info.dylib
0x000000000b17c000 	/usr/lib/system/libsystem_kernel.dylib
0x000000000b17c000 	/usr/lib/system/libsystem_m.dylib
0x000000000b17c000 	/usr/lib/system/libsystem_malloc.dylib
0x000000000b17c000 	/usr/lib/system/libsystem_network.dylib
0x000000000b17c000 	/usr/lib/system/libsystem_notify.dylib
0x000000000b17c000 	/usr/lib/system/libsystem_platform.dylib
0x000000000b17c000 	/usr/lib/system/libsystem_pthread.dylib
0x000000000b17c000 	/usr/lib/system/libsystem_sandbox.dylib
0x000000000b17c000 	/usr/lib/system/libsystem_stats.dylib
0x000000000b17c000 	/usr/lib/system/libunc.dylib
0x000000000b17c000 	/usr/lib/system/libunwind.dylib
0x000000000b17c000 	/usr/lib/system/libxpc.dylib
0x000000000b17c000 	/usr/lib/libbsm.0.dylib
0x000000000b17c000 	/usr/lib/libsqlite3.dylib
0x000000000b17c000 	/usr/lib/libxar.1.dylib
0x000000000b17c000 	/usr/lib/libpam.2.dylib
0x000000000b17c000 	/usr/lib/libOpenScriptingUtil.dylib
0x000000000b17c000 	/usr/lib/libbz2.1.0.dylib
0x000000000b17c000 	/System/Library/Frameworks/CoreServices.framework/Versions/A/Frameworks/CarbonCore.framework/Versions/A/CarbonCore
0x000000000b17c000 	/System/Library/Frameworks/CoreServices.framework/Versions/A/Frameworks/Metadata.framework/Versions/A/Metadata
0x000000000b17c000 	/System/Library/Frameworks/CoreServices.framework/Versions/A/Frameworks/OSServices.framework/Versions/A/OSServices
0x000000000b17c000 	/System/Library/Frameworks/CoreServices.framework/Versions/A/Frameworks/SearchKit.framework/Versions/A/SearchKit
0x000000000b17c000 	/System/Library/Frameworks/CoreServices.framework/Versions/A/Frameworks/AE.framework/Versions/A/AE
0x000000000b17c000 	/System/Library/Frameworks/CoreServices.framework/Versions/A/Frameworks/LaunchServices.framework/Versions/A/LaunchServices
0x000000000b17c000 	/System/Library/Frameworks/CoreServices.framework/Versions/A/Frameworks/DictionaryServices.framework/Versions/A/DictionaryServices
0x000000000b17c000 	/System/Library/Frameworks/NetFS.framework/Versions/A/NetFS
0x000000000b17c000 	/usr/lib/system/libkxld.dylib
0x000000000b17c000 	/System/Library/PrivateFrameworks/NetAuth.framework/Versions/A/NetAuth
0x000000000b17c000 	/System/Library/PrivateFrameworks/TCC.framework/Versions/A/TCC
0x000000000b17c000 	/System/Library/Frameworks/OpenDirectory.framework/Versions/A/Frameworks/CFOpenDirectory.framework/Versions/A/CFOpenDirectory
0x000000000b17c000 	/System/Library/Frameworks/ServiceManagement.framework/Versions/A/ServiceManagement
0x000000000b17c000 	/usr/lib/libxslt.1.dylib
0x000000000b17c000 	/System/Library/Frameworks/Carbon.framework/Versions/A/Frameworks/Ink.framework/Versions/A/Ink
0x000000000b17c000 	/System/Library/Frameworks/ApplicationServices.framework/Versions/A/Frameworks/ATS.framework/Versions/A/ATS
0x000000000b17c000 	/System/Library/Frameworks/ApplicationServices.framework/Versions/A/Frameworks/ColorSync.framework/Versions/A/ColorSync
0x000000000b17c000 	/System/Library/Frameworks/ApplicationServices.framework/Versions/A/Frameworks/HIServices.framework/Versions/A/HIServices
0x000000000b17c000 	/System/Library/Frameworks/ApplicationServices.framework/Versions/A/Frameworks/LangAnalysis.framework/Versions/A/LangAnalysis
0x000000000b17c000 	/System/Library/Frameworks/ApplicationServices.framework/Versions/A/Frameworks/PrintCore.framework/Versions/A/PrintCore
0x000000000b17c000 	/System/Library/Frameworks/ApplicationServices.framework/Versions/A/Frameworks/QD.framework/Versions/A/QD
0x000000000b17c000 	/System/Library/Frameworks/ApplicationServices.framework/Versions/A/Frameworks/SpeechSynthesis.framework/Versions/A/SpeechSynthesis
0x000000000b17c000 	/System/Library/Frameworks/IOSurface.framework/Versions/A/IOSurface
0x000000000b17c000 	/System/Library/Frameworks/Accelerate.framework/Versions/A/Accelerate
0x000000000b17c000 	/System/Library/Frameworks/Accelerate.framework/Versions/A/Frameworks/vImage.framework/Versions/A/vImage
0x000000000b17c000 	/System/Library/Frameworks/Accelerate.framework/Versions/A/Frameworks/vecLib.framework/Versions/A/vecLib
0x000000000b17c000 	/System/Library/Frameworks/Accelerate.framework/Versions/A/Frameworks/vecLib.framework/Versions/A/libvDSP.dylib
0x000000000b17c000 	/System/Library/Frameworks/Accelerate.framework/Versions/A/Frameworks/vecLib.framework/Versions/A/libvMisc.dylib
0x000000000b17c000 	/System/Library/Frameworks/Accelerate.framework/Versions/A/Frameworks/vecLib.framework/Versions/A/libLAPACK.dylib
0x000000000b17c000 	/System/Library/Frameworks/Accelerate.framework/Versions/A/Frameworks/vecLib.framework/Versions/A/libBLAS.dylib
0x000000000b17c000 	/System/Library/Frameworks/ApplicationServices.framework/Versions/A/Frameworks/ATS.framework/Versions/A/Resources/libFontParser.dylib
0x000000000b17c000 	/System/Library/Frameworks/ApplicationServices.framework/Versions/A/Frameworks/ATS.framework/Versions/A/Resources/libFontRegistry.dylib
0x000000000b17c000 	/System/Library/Frameworks/ImageIO.framework/Versions/A/Resources/libJPEG.dylib
0x000000000b17c000 	/System/Library/Frameworks/ImageIO.framework/Versions/A/Resources/libTIFF.dylib
0x000000000b17c000 	/System/Library/Frameworks/ImageIO.framework/Versions/A/Resources/libPng.dylib
0x000000000b17c000 	/System/Library/Frameworks/ImageIO.framework/Versions/A/Resources/libGIF.dylib
0x000000000b17c000 	/System/Library/Frameworks/ImageIO.framework/Versions/A/Resources/libJP2.dylib
0x000000000b17c000 	/System/Library/Frameworks/ImageIO.framework/Versions/A/Resources/libRadiance.dylib
0x000000000b17c000 	/usr/lib/libcups.2.dylib
0x000000000b17c000 	/System/Library/Frameworks/Kerberos.framework/Versions/A/Kerberos
0x000000000b17c000 	/System/Library/Frameworks/GSS.framework/Versions/A/GSS
0x000000000b17c000 	/usr/lib/libresolv.9.dylib
0x000000000b17c000 	/usr/lib/libiconv.2.dylib
0x000000000b17c000 	/System/Library/PrivateFrameworks/Heimdal.framework/Versions/A/Heimdal
0x000000000b17c000 	/System/Library/PrivateFrameworks/TrustEvaluationAgent.framework/Versions/A/TrustEvaluationAgent
0x000000000b17c000 	/usr/lib/libheimdal-asn1.dylib
0x000000000b17c000 	/System/Library/Frameworks/OpenDirectory.framework/Versions/A/OpenDirectory
0x000000000b17c000 	/System/Library/PrivateFrameworks/CommonAuth.framework/Versions/A/CommonAuth
0x000000000b17c000 	/System/Library/Frameworks/SecurityFoundation.framework/Versions/A/SecurityFoundation
0x000000000b17c000 	/System/Library/PrivateFrameworks/Bom.framework/Versions/A/Bom
0x000000000b17c000 	/System/Library/Frameworks/CoreVideo.framework/Versions/A/CoreVideo
0x000000000b17c000 	/System/Library/Frameworks/QuartzCore.framework/Versions/A/Frameworks/CoreImage.framework/Versions/A/CoreImage
0x000000000b17c000 	/System/Library/Frameworks/QuartzCore.framework/Versions/A/Frameworks/ScalableUserInterface.framework/Versions/A/ScalableUserInterface
0x000000000b17c000 	/System/Library/Frameworks/OpenGL.framework/Versions/A/Libraries/libGLU.dylib
0x000000000b17c000 	/System/Library/Frameworks/OpenGL.framework/Versions/A/Libraries/libGFXShared.dylib
0x000000000b17c000 	/System/Library/Frameworks/OpenGL.framework/Versions/A/Libraries/libGL.dylib
0x000000000b17c000 	/System/Library/Frameworks/OpenGL.framework/Versions/A/Libraries/libGLImage.dylib
0x000000000b17c000 	/System/Library/Frameworks/OpenGL.framework/Versions/A/Libraries/libCVMSPluginSupport.dylib
0x000000000b17c000 	/System/Library/Frameworks/OpenGL.framework/Versions/A/Libraries/libCoreVMClient.dylib
0x000000000b17c000 	/System/Library/PrivateFrameworks/FaceCore.framework/Versions/A/FaceCore
0x000000000b17c000 	/System/Library/PrivateFrameworks/CrashReporterSupport.framework/Versions/A/CrashReporterSupport
0x000000000b17c000 	/System/Library/Frameworks/OpenCL.framework/Versions/A/OpenCL
0x000000000b17c000 	/System/Library/PrivateFrameworks/AppleFSCompression.framework/Versions/A/AppleFSCompression
0x000000000b17c000 	/System/Library/PrivateFrameworks/Ubiquity.framework/Versions/A/Ubiquity
0x000000000b17c000 	/System/Library/PrivateFrameworks/IconServices.framework/Versions/A/IconServices
0x000000000b17c000 	/System/Library/PrivateFrameworks/ChunkingLibrary.framework/Versions/A/ChunkingLibrary
0x000000000b17c000 	/System/Library/PrivateFrameworks/CoreSymbolication.framework/Versions/A/CoreSymbolication
0x000000000b17c000 	/System/Library/PrivateFrameworks/Symbolication.framework/Versions/A/Symbolication
0x000000000b17c000 	/System/Library/PrivateFrameworks/DebugSymbols.framework/Versions/A/DebugSymbols
0x0000000101600000 	/Library/Java/JavaVirtualMachines/jdk1.7.0_45.jdk/Contents/Home/jre/lib/server/libjvm.dylib
0x000000000b17c000 	/usr/lib/libstdc++.6.dylib
0x00000001005b1000 	/Library/Java/JavaVirtualMachines/jdk1.7.0_45.jdk/Contents/Home/jre/lib/libverify.dylib
0x00000001005be000 	/Library/Java/JavaVirtualMachines/jdk1.7.0_45.jdk/Contents/Home/jre/lib/libjava.dylib
0x0000000102156000 	/Library/Java/JavaVirtualMachines/jdk1.7.0_45.jdk/Contents/Home/jre/lib/libzip.dylib
0x0000000111529000 	/System/Library/Frameworks/JavaVM.framework/Frameworks/JavaRuntimeSupport.framework/JavaRuntimeSupport
0x0000000111541000 	/System/Library/Frameworks/JavaVM.framework/Versions/A/Frameworks/JavaNativeFoundation.framework/Versions/A/JavaNativeFoundation
0x0000000111556000 	/System/Library/Frameworks/JavaVM.framework/Versions/A/JavaVM
0x000000000b17c000 	/System/Library/Frameworks/Carbon.framework/Versions/A/Carbon
0x0000000111563000 	/System/Library/PrivateFrameworks/JavaLaunching.framework/Versions/A/JavaLaunching
0x000000000b17c000 	/System/Library/Frameworks/Carbon.framework/Versions/A/Frameworks/CommonPanels.framework/Versions/A/CommonPanels
0x000000000b17c000 	/System/Library/Frameworks/Carbon.framework/Versions/A/Frameworks/Help.framework/Versions/A/Help
0x000000000b17c000 	/System/Library/Frameworks/Carbon.framework/Versions/A/Frameworks/ImageCapture.framework/Versions/A/ImageCapture
0x000000000b17c000 	/System/Library/Frameworks/Carbon.framework/Versions/A/Frameworks/OpenScripting.framework/Versions/A/OpenScripting
0x000000000b17c000 	/System/Library/Frameworks/Carbon.framework/Versions/A/Frameworks/Print.framework/Versions/A/Print
0x000000000b17c000 	/System/Library/Frameworks/Carbon.framework/Versions/A/Frameworks/SecurityHI.framework/Versions/A/SecurityHI
0x0000000111e8f000 	/Applications/IntelliJ IDEA 13 CE.app/bin/libbreakgen64.jnilib
0x0000000111f95000 	/Library/Java/JavaVirtualMachines/jdk1.7.0_45.jdk/Contents/Home/jre/lib/libnet.dylib
0x000000011205d000 	/private/var/folders/6p/cjjl9fhj7wn44rvm0bv5sb6m0000gp/T/libgdxrgee/92bf976d/libgdx.dylib
0x00000001120c1000 	/Library/Java/JavaVirtualMachines/jdk1.7.0_45.jdk/Contents/Home/jre/lib/libawt.dylib
0x0000000112170000 	/Library/Java/JavaVirtualMachines/jdk1.7.0_45.jdk/Contents/Home/jre/lib/./libmlib_image.dylib
0x000000011223c000 	/Library/Java/JavaVirtualMachines/jdk1.7.0_45.jdk/Contents/Home/jre/lib/lwawt/liblwawt.dylib
0x00000001122f0000 	/Library/Java/JavaVirtualMachines/jdk1.7.0_45.jdk/Contents/Home/jre/lib/libosxapp.dylib
0x000000000b17c000 	/System/Library/Frameworks/ExceptionHandling.framework/Versions/A/ExceptionHandling
0x000000000b17c000 	/System/Library/PrivateFrameworks/CoreServicesInternal.framework/Versions/A/CoreServicesInternal
0x000000000b17c000 	/System/Library/PrivateFrameworks/Librarian.framework/Versions/A/Librarian
0x000000000b17c000 	/System/Library/Frameworks/CoreGraphics.framework/Versions/A/Resources/libCGCMS.A.dylib
0x000000000b17c000 	/System/Library/Frameworks/CoreGraphics.framework/Versions/A/Resources/libRIP.A.dylib
0x000000000b17c000 	/System/Library/Frameworks/CoreGraphics.framework/Versions/A/Resources/libCGXType.A.dylib
0x000000000b17c000 	/System/Library/PrivateFrameworks/FamilyControls.framework/Versions/A/FamilyControls
0x000000000b17c000 	/System/Library/PrivateFrameworks/CommerceKit.framework/Versions/A/Frameworks/CommerceCore.framework/Versions/A/CommerceCore
0x000000000b17c000 	/System/Library/PrivateFrameworks/SystemAdministration.framework/Versions/A/SystemAdministration
0x000000000b17c000 	/System/Library/Frameworks/DirectoryService.framework/Versions/A/DirectoryService
0x000000000b17c000 	/System/Library/PrivateFrameworks/DiskImages.framework/Versions/A/DiskImages
0x000000000b17c000 	/System/Library/PrivateFrameworks/LoginUIKit.framework/Versions/A/Frameworks/LoginUICore.framework/Versions/A/LoginUICore
0x000000000b17c000 	/usr/lib/libCoreStorage.dylib
0x000000000b17c000 	/usr/lib/libcsfde.dylib
0x000000000b17c000 	/usr/lib/libodfde.dylib
0x000000000b17c000 	/System/Library/Frameworks/DiscRecording.framework/Versions/A/DiscRecording
0x000000000b17c000 	/usr/lib/libcurl.4.dylib
0x000000000b17c000 	/System/Library/PrivateFrameworks/MediaKit.framework/Versions/A/MediaKit
0x000000000b17c000 	/System/Library/PrivateFrameworks/EFILogin.framework/Versions/A/EFILogin
0x000000000b17c000 	/usr/lib/libutil.dylib
0x000000000b17c000 	/System/Library/PrivateFrameworks/AOSNotification.framework/Versions/A/AOSNotification
0x000000000b17c000 	/System/Library/Frameworks/LDAP.framework/Versions/A/LDAP
0x000000000b17c000 	/usr/lib/libsasl2.2.dylib
0x000000000b17c000 	/usr/lib/libcrypto.0.9.8.dylib
0x000000000b17c000 	/usr/lib/libssl.0.9.8.dylib
0x00000001168a6000 	/Library/Java/JavaVirtualMachines/jdk1.7.0_45.jdk/Contents/Home/jre/lib/libfontmanager.dylib
0x000000011690a000 	/private/var/folders/6p/cjjl9fhj7wn44rvm0bv5sb6m0000gp/T/libgdxrgee/75260a42/liblwjgl.jnilib
0x0000000113caa000 	/Library/Java/JavaVirtualMachines/jdk1.7.0_45.jdk/Contents/Home/jre/lib/libjawt.dylib
0x0000000116985000 	/var/folders/6p/cjjl9fhj7wn44rvm0bv5sb6m0000gp/T/libgdxrgee/75260a42/openal.dylib
0x00000001169e1000 	/System/Library/Components/CoreAudio.component/Contents/MacOS/CoreAudio
0x0000000114d95000 	/System/Library/Extensions/AppleHDA.kext/Contents/PlugIns/AppleHDAHALPlugIn.bundle/Contents/MacOS/AppleHDAHALPlugIn
0x000000000b17c000 	/System/Library/Frameworks/OpenGL.framework/Versions/A/Resources/GLEngine.bundle/GLEngine
0x000000000b17c000 	/System/Library/Frameworks/OpenGL.framework/Versions/A/Libraries/libGLProgrammability.dylib
0x0000000000000000 	/System/Library/Extensions/AppleIntelHD5000GraphicsGLDriver.bundle/Contents/MacOS/AppleIntelHD5000GraphicsGLDriver
0x000000000b17c000 	/System/Library/PrivateFrameworks/IOAccelerator.framework/Versions/A/IOAccelerator
0x000000000b17c000 	/System/Library/PrivateFrameworks/GPUSupport.framework/Versions/A/Libraries/libGPUSupportMercury.dylib
0x0000000000000000 	/System/Library/Extensions/GeForceGLDriver.bundle/Contents/MacOS/GeForceGLDriver
0x000000000b17c000 	/System/Library/Extensions/GeForceGLDriver.bundle/Contents/MacOS/libclh.dylib
0x000000000b17c000 	/System/Library/Frameworks/OpenGL.framework/Versions/A/Resources/GLRendererFloat.bundle/GLRendererFloat
0x000000000b17c000 	/System/Library/Frameworks/OpenCL.framework/Versions/A/Libraries/libcldcpuengine.dylib

VM Arguments:
jvm_args: -Didea.launcher.port=7532 -Didea.launcher.bin.path=/Applications/IntelliJ IDEA 13 CE.app/bin -Dfile.encoding=UTF-8 
java_command: com.intellij.rt.execution.application.AppMain com.ziodyne.sometrpg.Main
Launcher Type: SUN_STANDARD

Environment Variables:
JAVA_HOME=/Library/Java/JavaVirtualMachines/jdk1.8.0.jdk/Contents/Home
PATH=/usr/bin:/bin:/usr/sbin:/sbin:/usr/local/bin:/Users/rgee/Scripts:/usr/local/Cellar/rabbitmq/3.2.2/sbin:/Users/rgee/.rvm/bin
SHELL=/bin/zsh
DISPLAY=/tmp/launch-RHr3rI/org.macosforge.xquartz:0

Signal Handlers:
SIGSEGV: [libjvm.dylib+0x525415], sa_mask[0]=0xfffefeff, sa_flags=0x00000043
SIGBUS: [libjvm.dylib+0x525415], sa_mask[0]=0xfffefeff, sa_flags=0x00000042
SIGFPE: [libjvm.dylib+0x41891a], sa_mask[0]=0xfffefeff, sa_flags=0x00000042
SIGPIPE: [libjvm.dylib+0x41891a], sa_mask[0]=0xfffefeff, sa_flags=0x00000042
SIGXFSZ: [libjvm.dylib+0x41891a], sa_mask[0]=0xfffefeff, sa_flags=0x00000042
SIGILL: [libjvm.dylib+0x41891a], sa_mask[0]=0xfffefeff, sa_flags=0x00000042
SIGUSR1: SIG_DFL, sa_mask[0]=0x00000000, sa_flags=0x00000002
SIGUSR2: [libjvm.dylib+0x41840c], sa_mask[0]=0x00000004, sa_flags=0x00000042
SIGHUP: [libjvm.dylib+0x41669b], sa_mask[0]=0xfffefeff, sa_flags=0x00000042
SIGINT: [libjvm.dylib+0x41669b], sa_mask[0]=0xfffefeff, sa_flags=0x00000042
SIGTERM: [libjvm.dylib+0x41669b], sa_mask[0]=0xfffefeff, sa_flags=0x00000042
SIGQUIT: [libjvm.dylib+0x41669b], sa_mask[0]=0xfffefeff, sa_flags=0x00000042


---------------  S Y S T E M  ---------------

OS:Bsduname:Darwin 13.1.0 Darwin Kernel Version 13.1.0: Thu Jan 16 19:40:37 PST 2014; root:xnu-2422.90.20~2/RELEASE_X86_64 x86_64
rlimit: STACK 8192k, CORE 0k, NPROC 709, NOFILE 10240, AS infinity
load average:1.78 1.85 1.92

CPU:total 8 (4 cores per cpu, 2 threads per core) family 6 model 70 stepping 1, cmov, cx8, fxsr, mmx, sse, sse2, sse3, ssse3, sse4.1, sse4.2, popcnt, avx, avx2, aes, erms, ht, tsc, tscinvbit

Memory: 4k page, physical 16777216k(4194304k free)

/proc/meminfo:


vm_info: Java HotSpot(TM) 64-Bit Server VM (24.45-b08) for bsd-amd64 JRE (1.7.0_45-b18), built on Oct  8 2013 05:54:16 by "java_re" with gcc 4.2.1 (Based on Apple Inc. build 5658) (LLVM build 2336.11.00)

time: Tue May 27 19:34:20 2014
elapsed time: 1 seconds

