#
# A fatal error has been detected by the Java Runtime Environment:
#
#  SIGSEGV (0xb) at pc=0x00007fff89b65097, pid=7338, tid=1287
#
# JRE version: Java(TM) SE Runtime Environment (8.0-b132) (build 1.8.0-b132)
# Java VM: Java HotSpot(TM) 64-Bit Server VM (25.0-b70 mixed mode bsd-amd64 compressed oops)
# Problematic frame:
# C  [libobjc.A.dylib+0x5097]  objc_msgSend+0x17
#
# Failed to write core dump. Core dumps have been disabled. To enable core dumping, try "ulimit -c unlimited" before starting Java again
#
# If you would like to submit a bug report, please visit:
#   http://bugreport.sun.com/bugreport/crash.jsp
# The crash happened outside the Java Virtual Machine in native code.
# See problematic frame for where to report the bug.
#

---------------  T H R E A D  ---------------

Current thread (0x00007faea584e800):  JavaThread "AppKit Thread" daemon [_thread_in_native, id=1287, stack(0x00007fff5724e000,0x00007fff57a4e000)]

siginfo:si_signo=SIGSEGV: si_errno=0, si_code=0 (SEGV0), si_addr=0x0000000000000000

Registers:
RAX=0x00007faea4946830, RBX=0x00000000000f42e9, RCX=0x0000000000000000, RDX=0x00007faea256d590
RSP=0x00007fff57a47368, RBP=0x00007fff57a47370, RSI=0x00007fff8f6c9b9f, RDI=0x00007faea4946830
R8 =0x0000000000000040, R9 =0x00007fff57a47300, R10=0x00007fff8f6c9b9f, R11=0xe000000000000000
R12=0x00000000000f42e9, R13=0x00007fff57a47538, R14=0x00007faea26347c0, R15=0x00007fff57a47498
RIP=0x00007fff89b65097, EFLAGS=0x0000000000010246, ERR=0x0000000000000000
  TRAPNO=0x000000000000000d

Top of Stack: (sp=0x00007fff57a47368)
0x00007fff57a47368:   00007fff86312e0c 00007fff57a476d0
0x00007fff57a47378:   00007fff86206a6d 0000000000000003
0x00007fff57a47388:   00000001081d1200 00007fff57a473d0
0x00007fff57a47398:   00007fff8b8ae272 0000000000000798
0x00007fff57a473a8:   00000000000f42eb 0000000000000002
0x00007fff57a473b8:   00007faea49510f0 00007faea4950a30
0x00007fff57a473c8:   00007faea2703e20 00007faea256d590
0x00007fff57a473d8:   00007fff57a47490 0000000000000000
0x00007fff57a473e8:   00000000000f42e9 0000000000000051
0x00007fff57a473f8:   00007fff57a47510 0000000000000000
0x00007fff57a47408:   0000000000000001 00007faea2703e10
0x00007fff57a47418:   000000000000004f 000000000021fcde
0x00007fff57a47428:   0000010000000000 00007fff72faca60
0x00007fff57a47438:   0000206000db46ea 00007fff57a47590
0x00007fff57a47448:   0000000000000000 00007fff57a47528
0x00007fff57a47458:   00007fff57a47508 00007fff72faca48
0x00007fff57a47468:   0000000000000000 000000000000000c
0x00007fff57a47478:   00007fff8cdb46ea 00007fff74923d38
0x00007fff57a47488:   0000000000000000 00007faea4951170
0x00007fff57a47498:   00007faea26347c0 00007fff8b421b08
0x00007fff57a474a8:   0000000000000000 00007fff57a47570
0x00007fff57a474b8:   00007fff847c3dde 00007fff73e4e0d0
0x00007fff57a474c8:   0000000042000000 00007fff847cc1d1
0x00007fff57a474d8:   00007fff72f88b40 00007fff57a475d8
0x00007fff57a474e8:   00007fff57a47508 00007fff57a47528
0x00007fff57a474f8:   0000000000000000 00000001081cb001
0x00007fff57a47508:   0000000000000000 000000000000004d
0x00007fff57a47518:   0000000000000000 00000000000f42df
0x00007fff57a47528:   000000000000004f 0000000000000000
0x00007fff57a47538:   00000000000f42e9 0000000157a475e0
0x00007fff57a47548:   00007fff8cdb5261 00007fff73b86748
0x00007fff57a47558:   00007fff73b8674c 0000000073b821b8 

Instructions: (pc=0x00007fff89b65097)
0x00007fff89b65077:   90 90 90 90 90 90 90 90 90 48 85 ff 2e 74 72 40
0x00007fff89b65087:   f6 c7 01 2e 0f 85 7e 00 00 00 4c 8b 1f 49 89 f2
0x00007fff89b65097:   45 23 53 18 49 c1 e2 04 4d 03 53 10 49 3b 32 75
0x00007fff89b650a7:   04 41 ff 62 08 49 83 3a 00 74 74 4d 3b 53 10 74 

Register to memory mapping:

RAX=0x00007faea4946830 is an unknown value
RBX=0x00000000000f42e9 is an unknown value
RCX=0x0000000000000000 is an unknown value
RDX=0x00007faea256d590 is an unknown value
RSP=0x00007fff57a47368 is pointing into the stack for thread: 0x00007faea584e800
RBP=0x00007fff57a47370 is pointing into the stack for thread: 0x00007faea584e800
RSI=0x00007fff8f6c9b9f: NSAppKitVersionNumber+0x5358f in /System/Library/Frameworks/AppKit.framework/Versions/C/AppKit at 0x00007fff8ec26000
RDI=0x00007faea4946830 is an unknown value
R8 =0x0000000000000040 is an unknown value
R9 =0x00007fff57a47300 is pointing into the stack for thread: 0x00007faea584e800
R10=0x00007fff8f6c9b9f: NSAppKitVersionNumber+0x5358f in /System/Library/Frameworks/AppKit.framework/Versions/C/AppKit at 0x00007fff8ec26000
R11=0xe000000000000000 is an unknown value
R12=0x00000000000f42e9 is an unknown value
R13=0x00007fff57a47538 is pointing into the stack for thread: 0x00007faea584e800
R14=0x00007faea26347c0 is an unknown value
R15=0x00007fff57a47498 is pointing into the stack for thread: 0x00007faea584e800


Stack: [0x00007fff5724e000,0x00007fff57a4e000],  sp=0x00007fff57a47368,  free space=8164k
Native frames: (J=compiled Java code, j=interpreted, Vv=VM code, C=native code)
C  [libobjc.A.dylib+0x5097]  objc_msgSend+0x17
C  [CoreFoundation+0x10a6d]  _CFXNotificationPost+0xb4d
C  [Foundation+0x27ba]  -[NSNotificationCenter postNotificationName:object:userInfo:]+0x44
C  [AppKit+0x10f719]  -[NSSurface _disposeSurface]+0x98
C  [AppKit+0x10f1b5]  -[NSSurface setWindow:]+0x46
C  [AppKit+0x3b0b7]  -[NSView _setWindow:]+0x8ea
C  [AppKit+0x3c10a]  -[NSView removeFromSuperview]+0x15e
C  [AppKit+0x98889]  -[NSView removeFromSuperviewWithoutNeedingDisplay]+0x26
C  [liblwjgl.dylib+0x936e]  +[MacOSXKeyableWindow destroyWindow]+0xde
C  [Foundation+0x6313e]  __NSThreadPerformPerform+0xe5
C  [CoreFoundation+0x7f731]  __CFRUNLOOP_IS_CALLING_OUT_TO_A_SOURCE0_PERFORM_FUNCTION__+0x11
C  [CoreFoundation+0x70ea2]  __CFRunLoopDoSources0+0xf2
C  [CoreFoundation+0x7062f]  __CFRunLoopRun+0x33f
C  [CoreFoundation+0x700b5]  CFRunLoopRunSpecific+0x135
C  [HIToolbox+0x2ea0d]  RunCurrentEventLoopInMode+0xe2
C  [HIToolbox+0x2e7b7]  ReceiveNextEventCommon+0x1df
C  [HIToolbox+0x2e5bc]  _BlockUntilNextEventMatchingListInModeWithFilter+0x41
C  [AppKit+0x243de]  _DPSNextEvent+0x59a
C  [AppKit+0x23a2b]  -[NSApplication nextEventMatchingMask:untilDate:inMode:dequeue:]+0x7a
C  [libosxapp.dylib+0x16d4]  -[NSApplicationAWT nextEventMatchingMask:untilDate:inMode:dequeue:]+0x7c
C  [AppKit+0x17b2c]  -[NSApplication run]+0x229
C  [libosxapp.dylib+0x14e8]  +[NSApplicationAWT runAWTLoopWithApp:]+0x9c
C  [libawt_lwawt.dylib+0x43afb]  -[AWTStarter starter:]+0x369
C  [Foundation+0x6313e]  __NSThreadPerformPerform+0xe5
C  [CoreFoundation+0x7f731]  __CFRUNLOOP_IS_CALLING_OUT_TO_A_SOURCE0_PERFORM_FUNCTION__+0x11
C  [CoreFoundation+0x70ea2]  __CFRunLoopDoSources0+0xf2
C  [CoreFoundation+0x7062f]  __CFRunLoopRun+0x33f
C  [CoreFoundation+0x700b5]  CFRunLoopRunSpecific+0x135
C  [java+0x56db]  CreateExecutionEnvironment+0x367
C  [java+0x167c]  JLI_Launch+0x7a0
C  [java+0x7699]  main+0x65
C  [java+0xed4]  start+0x34


---------------  P R O C E S S  ---------------

Java Threads: ( => current thread )
  0x00007faea502c800 JavaThread "DestroyJavaVM" [_thread_blocked, id=6403, stack(0x00000001082c7000,0x00000001083c7000)]
  0x00007faea3845800 JavaThread "LWJGL Application" [_thread_in_native, id=67331, stack(0x000000012bae2000,0x000000012bbe2000)]
  0x00007faea585f800 JavaThread "AWT-Shutdown" [_thread_blocked, id=32523, stack(0x00000001286ff000,0x00000001287ff000)]
=>0x00007faea584e800 JavaThread "AppKit Thread" daemon [_thread_in_native, id=1287, stack(0x00007fff5724e000,0x00007fff57a4e000)]
  0x00007faea6810000 JavaThread "Service Thread" daemon [_thread_blocked, id=23811, stack(0x0000000126b0a000,0x0000000126c0a000)]
  0x00007faea500b000 JavaThread "C1 CompilerThread3" daemon [_thread_blocked, id=23299, stack(0x0000000126a07000,0x0000000126b07000)]
  0x00007faea6000000 JavaThread "C2 CompilerThread2" daemon [_thread_blocked, id=22787, stack(0x0000000126904000,0x0000000126a04000)]
  0x00007faea5002800 JavaThread "C2 CompilerThread1" daemon [_thread_blocked, id=22275, stack(0x0000000126801000,0x0000000126901000)]
  0x00007faea4159800 JavaThread "C2 CompilerThread0" daemon [_thread_blocked, id=21763, stack(0x00000001266fe000,0x00000001267fe000)]
  0x00007faea5809800 JavaThread "JDWP Command Reader" daemon [_thread_in_native, id=21251, stack(0x000000012638a000,0x000000012648a000)]
  0x00007faea5808800 JavaThread "JDWP Event Helper Thread" daemon [_thread_blocked, id=20739, stack(0x0000000126287000,0x0000000126387000)]
  0x00007faea5808000 JavaThread "JDWP Transport Listener: dt_socket" daemon [_thread_blocked, id=20227, stack(0x0000000126184000,0x0000000126284000)]
  0x00007faea3808800 JavaThread "Signal Dispatcher" daemon [_thread_blocked, id=19715, stack(0x000000012607a000,0x000000012617a000)]
  0x00007faea3067800 JavaThread "Finalizer" daemon [_thread_blocked, id=14595, stack(0x0000000125e29000,0x0000000125f29000)]
  0x00007faea3067000 JavaThread "Reference Handler" daemon [_thread_blocked, id=14083, stack(0x0000000125d26000,0x0000000125e26000)]

Other Threads:
  0x00007faea3062000 VMThread [stack: 0x0000000125c23000,0x0000000125d23000] [id=13571]
  0x00007faea6819000 WatcherThread [stack: 0x0000000126c0d000,0x0000000126d0d000] [id=24323]

VM state:not at safepoint (normal execution)

VM Mutex/Monitor currently owned by a thread: None

Heap:
 PSYoungGen      total 20992K, used 3895K [0x000000076ab00000, 0x000000076c180000, 0x00000007c0000000)
  eden space 18944K, 12% used [0x000000076ab00000,0x000000076ad621f8,0x000000076bd80000)
  from space 2048K, 71% used [0x000000076bf80000,0x000000076c0ebb28,0x000000076c180000)
  to   space 2048K, 0% used [0x000000076bd80000,0x000000076bd80000,0x000000076bf80000)
 ParOldGen       total 260608K, used 2541K [0x00000006c0000000, 0x00000006cfe80000, 0x000000076ab00000)
  object space 260608K, 0% used [0x00000006c0000000,0x00000006c027b610,0x00000006cfe80000)
 Metaspace       used 10602K, capacity 10706K, committed 10752K, reserved 1058816K
  class space    used 1219K, capacity 1234K, committed 1280K, reserved 1048576K

Card table byte_map: [0x0000000119741000,0x0000000119f42000] byte_map_base: 0x0000000116141000

Marking Bits: (ParMarkBitMap*) 0x0000000109c660a0
 Begin Bits: [0x000000011acb0000, 0x000000011ecb0000)
 End Bits:   [0x000000011ecb0000, 0x0000000122cb0000)

Polling page: 0x00000001083d7000

CodeCache: size=245760Kb used=3185Kb max_used=3196Kb free=242574Kb
 bounds [0x000000010a381000, 0x000000010a6b1000, 0x0000000119381000]
 total_blobs=1301 nmethods=883 adapters=342
 compilation: enabled

Compilation events (10 events):
Event: 4.330 Thread 0x00007faea500b000 nmethod 873 0x000000010a69cad0 code [0x000000010a69cc20, 0x000000010a69cd30]
Event: 4.330 Thread 0x00007faea500b000  875       1       com.badlogic.gdx.scenes.scene2d.Group::isTransform (5 bytes)
Event: 4.330 Thread 0x00007faea500b000 nmethod 875 0x000000010a69cd90 code [0x000000010a69cee0, 0x000000010a69cff0]
Event: 4.363 Thread 0x00007faea500b000  879       3       com.badlogic.gdx.scenes.scene2d.Group::hit (118 bytes)
Event: 4.364 Thread 0x00007faea500b000 nmethod 879 0x000000010a69d050 code [0x000000010a69d260, 0x000000010a69db28]
Event: 4.463 Thread 0x00007faea4159800  881       4       com.badlogic.gdx.graphics.g2d.NinePatch::set (120 bytes)
Event: 4.466 Thread 0x00007faea4159800 nmethod 881 0x000000010a6a1210 code [0x000000010a6a1360, 0x000000010a6a1578]
Event: 4.505 Thread 0x00007faea500b000  882       3       java.util.IdentityHashMap::isEmpty (13 bytes)
Event: 4.505 Thread 0x00007faea6000000  883       4       java.nio.DirectByteBuffer::put (18 bytes)
Event: 4.505 Thread 0x00007faea500b000 nmethod 882 0x000000010a6a0e90 code [0x000000010a6a0fe0, 0x000000010a6a1190]

GC Heap History (10 events):
Event: 2.793 GC heap before
{Heap before GC invocations=8 (full 0):
 PSYoungGen      total 5120K, used 4723K [0x000000076ab00000, 0x000000076b500000, 0x00000007c0000000)
  eden space 3584K, 100% used [0x000000076ab00000,0x000000076ae80000,0x000000076ae80000)
  from space 1536K, 74% used [0x000000076ae80000,0x000000076af9cc40,0x000000076b000000)
  to   space 1536K, 0% used [0x000000076b380000,0x000000076b380000,0x000000076b500000)
 ParOldGen       total 260608K, used 1101K [0x00000006c0000000, 0x00000006cfe80000, 0x000000076ab00000)
  object space 260608K, 0% used [0x00000006c0000000,0x00000006c0113718,0x00000006cfe80000)
 Metaspace       used 6147K, capacity 6390K, committed 6656K, reserved 1056768K
  class space    used 622K, capacity 656K, committed 768K, reserved 1048576K
Event: 2.795 GC heap after
Heap after GC invocations=8 (full 0):
 PSYoungGen      total 8704K, used 950K [0x000000076ab00000, 0x000000076b500000, 0x00000007c0000000)
  eden space 7168K, 0% used [0x000000076ab00000,0x000000076ab00000,0x000000076b200000)
  from space 1536K, 61% used [0x000000076b380000,0x000000076b46da60,0x000000076b500000)
  to   space 1536K, 0% used [0x000000076b200000,0x000000076b200000,0x000000076b380000)
 ParOldGen       total 260608K, used 1301K [0x00000006c0000000, 0x00000006cfe80000, 0x000000076ab00000)
  object space 260608K, 0% used [0x00000006c0000000,0x00000006c0145718,0x00000006cfe80000)
 Metaspace       used 6147K, capacity 6390K, committed 6656K, reserved 1056768K
  class space    used 622K, capacity 656K, committed 768K, reserved 1048576K
}
Event: 2.867 GC heap before
{Heap before GC invocations=9 (full 0):
 PSYoungGen      total 8704K, used 8118K [0x000000076ab00000, 0x000000076b500000, 0x00000007c0000000)
  eden space 7168K, 100% used [0x000000076ab00000,0x000000076b200000,0x000000076b200000)
  from space 1536K, 61% used [0x000000076b380000,0x000000076b46da60,0x000000076b500000)
  to   space 1536K, 0% used [0x000000076b200000,0x000000076b200000,0x000000076b380000)
 ParOldGen       total 260608K, used 1301K [0x00000006c0000000, 0x00000006cfe80000, 0x000000076ab00000)
  object space 260608K, 0% used [0x00000006c0000000,0x00000006c0145718,0x00000006cfe80000)
 Metaspace       used 6955K, capacity 7062K, committed 7168K, reserved 1056768K
  class space    used 731K, capacity 752K, committed 768K, reserved 1048576K
Event: 2.868 GC heap after
Heap after GC invocations=9 (full 0):
 PSYoungGen      total 8704K, used 1282K [0x000000076ab00000, 0x000000076b980000, 0x00000007c0000000)
  eden space 7168K, 0% used [0x000000076ab00000,0x000000076ab00000,0x000000076b200000)
  from space 1536K, 83% used [0x000000076b200000,0x000000076b340910,0x000000076b380000)
  to   space 1536K, 0% used [0x000000076b800000,0x000000076b800000,0x000000076b980000)
 ParOldGen       total 260608K, used 1565K [0x00000006c0000000, 0x00000006cfe80000, 0x000000076ab00000)
  object space 260608K, 0% used [0x00000006c0000000,0x00000006c0187768,0x00000006cfe80000)
 Metaspace       used 6955K, capacity 7062K, committed 7168K, reserved 1056768K
  class space    used 731K, capacity 752K, committed 768K, reserved 1048576K
}
Event: 2.942 GC heap before
{Heap before GC invocations=10 (full 0):
 PSYoungGen      total 8704K, used 8450K [0x000000076ab00000, 0x000000076b980000, 0x00000007c0000000)
  eden space 7168K, 100% used [0x000000076ab00000,0x000000076b200000,0x000000076b200000)
  from space 1536K, 83% used [0x000000076b200000,0x000000076b340910,0x000000076b380000)
  to   space 1536K, 0% used [0x000000076b800000,0x000000076b800000,0x000000076b980000)
 ParOldGen       total 260608K, used 1565K [0x00000006c0000000, 0x00000006cfe80000, 0x000000076ab00000)
  object space 260608K, 0% used [0x00000006c0000000,0x00000006c0187768,0x00000006cfe80000)
 Metaspace       used 7778K, capacity 7910K, committed 8064K, reserved 1056768K
  class space    used 851K, capacity 880K, committed 896K, reserved 1048576K
Event: 2.943 GC heap after
Heap after GC invocations=10 (full 0):
 PSYoungGen      total 13312K, used 967K [0x000000076ab00000, 0x000000076b980000, 0x00000007c0000000)
  eden space 11776K, 0% used [0x000000076ab00000,0x000000076ab00000,0x000000076b680000)
  from space 1536K, 63% used [0x000000076b800000,0x000000076b8f1fc8,0x000000076b980000)
  to   space 1536K, 0% used [0x000000076b680000,0x000000076b680000,0x000000076b800000)
 ParOldGen       total 260608K, used 1869K [0x00000006c0000000, 0x00000006cfe80000, 0x000000076ab00000)
  object space 260608K, 0% used [0x00000006c0000000,0x00000006c01d3540,0x00000006cfe80000)
 Metaspace       used 7778K, capacity 7910K, committed 8064K, reserved 1056768K
  class space    used 851K, capacity 880K, committed 896K, reserved 1048576K
}
Event: 3.065 GC heap before
{Heap before GC invocations=11 (full 0):
 PSYoungGen      total 13312K, used 12743K [0x000000076ab00000, 0x000000076b980000, 0x00000007c0000000)
  eden space 11776K, 100% used [0x000000076ab00000,0x000000076b680000,0x000000076b680000)
  from space 1536K, 63% used [0x000000076b800000,0x000000076b8f1fc8,0x000000076b980000)
  to   space 1536K, 0% used [0x000000076b680000,0x000000076b680000,0x000000076b800000)
 ParOldGen       total 260608K, used 1869K [0x00000006c0000000, 0x00000006cfe80000, 0x000000076ab00000)
  object space 260608K, 0% used [0x00000006c0000000,0x00000006c01d3540,0x00000006cfe80000)
 Metaspace       used 8992K, capacity 9106K, committed 9344K, reserved 1056768K
  class space    used 1002K, capacity 1042K, committed 1152K, reserved 1048576K
Event: 3.067 GC heap after
Heap after GC invocations=11 (full 0):
 PSYoungGen      total 13312K, used 1469K [0x000000076ab00000, 0x000000076c180000, 0x00000007c0000000)
  eden space 11776K, 0% used [0x000000076ab00000,0x000000076ab00000,0x000000076b680000)
  from space 1536K, 95% used [0x000000076b680000,0x000000076b7ef5a0,0x000000076b800000)
  to   space 2048K, 0% used [0x000000076bf80000,0x000000076bf80000,0x000000076c180000)
 ParOldGen       total 260608K, used 2211K [0x00000006c0000000, 0x00000006cfe80000, 0x000000076ab00000)
  object space 260608K, 0% used [0x00000006c0000000,0x00000006c0228dd0,0x00000006cfe80000)
 Metaspace       used 8992K, capacity 9106K, committed 9344K, reserved 1056768K
  class space    used 1002K, capacity 1042K, committed 1152K, reserved 1048576K
}
Event: 3.220 GC heap before
{Heap before GC invocations=12 (full 0):
 PSYoungGen      total 13312K, used 13245K [0x000000076ab00000, 0x000000076c180000, 0x00000007c0000000)
  eden space 11776K, 100% used [0x000000076ab00000,0x000000076b680000,0x000000076b680000)
  from space 1536K, 95% used [0x000000076b680000,0x000000076b7ef5a0,0x000000076b800000)
  to   space 2048K, 0% used [0x000000076bf80000,0x000000076bf80000,0x000000076c180000)
 ParOldGen       total 260608K, used 2211K [0x00000006c0000000, 0x00000006cfe80000, 0x000000076ab00000)
  object space 260608K, 0% used [0x00000006c0000000,0x00000006c0228dd0,0x00000006cfe80000)
 Metaspace       used 10465K, capacity 10546K, committed 10752K, reserved 1058816K
  class space    used 1190K, capacity 1202K, committed 1280K, reserved 1048576K
Event: 3.221 GC heap after
Heap after GC invocations=12 (full 0):
 PSYoungGen      total 20992K, used 1454K [0x000000076ab00000, 0x000000076c180000, 0x00000007c0000000)
  eden space 18944K, 0% used [0x000000076ab00000,0x000000076ab00000,0x000000076bd80000)
  from space 2048K, 71% used [0x000000076bf80000,0x000000076c0ebb28,0x000000076c180000)
  to   space 2048K, 0% used [0x000000076bd80000,0x000000076bd80000,0x000000076bf80000)
 ParOldGen       total 260608K, used 2541K [0x00000006c0000000, 0x00000006cfe80000, 0x000000076ab00000)
  object space 260608K, 0% used [0x00000006c0000000,0x00000006c027b610,0x00000006cfe80000)
 Metaspace       used 10465K, capacity 10546K, committed 10752K, reserved 1058816K
  class space    used 1190K, capacity 1202K, committed 1280K, reserved 1048576K
}

Deoptimization events (0 events):
No events

Internal exceptions (10 events):
Event: 3.234 Thread 0x00007faea3845800 Exception <a 'java/security/PrivilegedActionException'> (0x000000076accd678) thrown at [/HUDSON/workspace/8-2-build-macosx-x86_64/jdk8/2238/hotspot/src/share/vm/prims/jvm.cpp, line 1248]
Event: 3.234 Thread 0x00007faea3845800 Exception <a 'java/security/PrivilegedActionException'> (0x000000076acd8f40) thrown at [/HUDSON/workspace/8-2-build-macosx-x86_64/jdk8/2238/hotspot/src/share/vm/prims/jvm.cpp, line 1248]
Event: 3.234 Thread 0x00007faea3845800 Exception <a 'java/security/PrivilegedActionException'> (0x000000076ace46c8) thrown at [/HUDSON/workspace/8-2-build-macosx-x86_64/jdk8/2238/hotspot/src/share/vm/prims/jvm.cpp, line 1248]
Event: 3.234 Thread 0x00007faea3845800 Exception <a 'java/security/PrivilegedActionException'> (0x000000076acefe50) thrown at [/HUDSON/workspace/8-2-build-macosx-x86_64/jdk8/2238/hotspot/src/share/vm/prims/jvm.cpp, line 1248]
Event: 3.235 Thread 0x00007faea3845800 Exception <a 'java/security/PrivilegedActionException'> (0x000000076acfbdb0) thrown at [/HUDSON/workspace/8-2-build-macosx-x86_64/jdk8/2238/hotspot/src/share/vm/prims/jvm.cpp, line 1248]
Event: 3.235 Thread 0x00007faea3845800 Exception <a 'java/security/PrivilegedActionException'> (0x000000076ad037b0) thrown at [/HUDSON/workspace/8-2-build-macosx-x86_64/jdk8/2238/hotspot/src/share/vm/prims/jvm.cpp, line 1248]
Event: 3.237 Thread 0x00007faea3845800 Exception <a 'java/security/PrivilegedActionException'> (0x000000076ad0d1a0) thrown at [/HUDSON/workspace/8-2-build-macosx-x86_64/jdk8/2238/hotspot/src/share/vm/prims/jvm.cpp, line 1248]
Event: 3.238 Thread 0x00007faea3845800 Exception <a 'java/security/PrivilegedActionException'> (0x000000076ad140b8) thrown at [/HUDSON/workspace/8-2-build-macosx-x86_64/jdk8/2238/hotspot/src/share/vm/prims/jvm.cpp, line 1248]
Event: 4.497 Thread 0x00007faea3845800 Exception <a 'java/security/PrivilegedActionException'> (0x000000076ad1d6e8) thrown at [/HUDSON/workspace/8-2-build-macosx-x86_64/jdk8/2238/hotspot/src/share/vm/prims/jvm.cpp, line 1248]
Event: 4.503 Thread 0x00007faea3845800 Exception <a 'java/security/PrivilegedActionException'> (0x000000076ad24308) thrown at [/HUDSON/workspace/8-2-build-macosx-x86_64/jdk8/2238/hotspot/src/share/vm/prims/jvm.cpp, line 1248]

Events (10 events):
Event: 4.504 Thread 0x00007faea3845800 DEOPT PACKING pc=0x000000010a51e2e4 sp=0x000000012bbdff30
Event: 4.504 Thread 0x00007faea3845800 DEOPT UNPACKING pc=0x000000010a3c801a sp=0x000000012bbdfc98 mode 1
Event: 4.504 Executing VM operation: RevokeBias
Event: 4.504 Executing VM operation: RevokeBias done
Event: 4.504 Thread 0x00007faea3845800 DEOPT PACKING pc=0x000000010a4eb204 sp=0x000000012bbdffa0
Event: 4.504 Thread 0x00007faea3845800 DEOPT UNPACKING pc=0x000000010a3c801a sp=0x000000012bbdfde0 mode 1
Event: 4.504 Executing VM operation: RevokeBias
Event: 4.504 Executing VM operation: RevokeBias done
Event: 4.504 Thread 0x00007faea3845800 DEOPT PACKING pc=0x000000010a4eaf94 sp=0x000000012bbe0130
Event: 4.504 Thread 0x00007faea3845800 DEOPT UNPACKING pc=0x000000010a3c801a sp=0x000000012bbdff70 mode 1


Dynamic libraries:
0x0000000002be8000 	/System/Library/Frameworks/Cocoa.framework/Versions/A/Cocoa
0x0000000002be8000 	/System/Library/Frameworks/Security.framework/Versions/A/Security
0x0000000002be8000 	/System/Library/Frameworks/ApplicationServices.framework/Versions/A/ApplicationServices
0x0000000002be8000 	/usr/lib/libz.1.dylib
0x0000000002be8000 	/usr/lib/libSystem.B.dylib
0x0000000002be8000 	/usr/lib/libobjc.A.dylib
0x0000000002be8000 	/System/Library/Frameworks/CoreFoundation.framework/Versions/A/CoreFoundation
0x0000000002be8000 	/System/Library/Frameworks/Foundation.framework/Versions/C/Foundation
0x0000000002be8000 	/System/Library/Frameworks/AppKit.framework/Versions/C/AppKit
0x0000000002be8000 	/System/Library/Frameworks/CoreData.framework/Versions/A/CoreData
0x0000000002be8000 	/System/Library/PrivateFrameworks/RemoteViewServices.framework/Versions/A/RemoteViewServices
0x0000000002be8000 	/System/Library/Frameworks/AudioToolbox.framework/Versions/A/AudioToolbox
0x0000000002be8000 	/System/Library/Frameworks/AudioUnit.framework/Versions/A/AudioUnit
0x0000000002be8000 	/System/Library/PrivateFrameworks/DataDetectorsCore.framework/Versions/A/DataDetectorsCore
0x0000000002be8000 	/System/Library/PrivateFrameworks/DesktopServicesPriv.framework/Versions/A/DesktopServicesPriv
0x0000000002be8000 	/System/Library/Frameworks/Carbon.framework/Versions/A/Frameworks/HIToolbox.framework/Versions/A/HIToolbox
0x0000000002be8000 	/System/Library/Frameworks/QuartzCore.framework/Versions/A/QuartzCore
0x0000000002be8000 	/System/Library/Frameworks/Carbon.framework/Versions/A/Frameworks/SpeechRecognition.framework/Versions/A/SpeechRecognition
0x0000000002be8000 	/usr/lib/libauto.dylib
0x0000000002be8000 	/usr/lib/libicucore.A.dylib
0x0000000002be8000 	/usr/lib/libxml2.2.dylib
0x0000000002be8000 	/System/Library/PrivateFrameworks/CoreUI.framework/Versions/A/CoreUI
0x0000000002be8000 	/System/Library/Frameworks/CoreAudio.framework/Versions/A/CoreAudio
0x0000000002be8000 	/System/Library/Frameworks/DiskArbitration.framework/Versions/A/DiskArbitration
0x0000000002be8000 	/usr/lib/liblangid.dylib
0x0000000002be8000 	/System/Library/PrivateFrameworks/MultitouchSupport.framework/Versions/A/MultitouchSupport
0x0000000002be8000 	/System/Library/Frameworks/IOKit.framework/Versions/A/IOKit
0x0000000002be8000 	/usr/lib/libDiagnosticMessagesClient.dylib
0x0000000002be8000 	/System/Library/Frameworks/CoreServices.framework/Versions/A/CoreServices
0x0000000002be8000 	/System/Library/PrivateFrameworks/PerformanceAnalysis.framework/Versions/A/PerformanceAnalysis
0x0000000002be8000 	/System/Library/PrivateFrameworks/GenerationalStorage.framework/Versions/A/GenerationalStorage
0x0000000002be8000 	/System/Library/Frameworks/OpenGL.framework/Versions/A/OpenGL
0x0000000002be8000 	/System/Library/PrivateFrameworks/Sharing.framework/Versions/A/Sharing
0x0000000002be8000 	/System/Library/Frameworks/ImageIO.framework/Versions/A/ImageIO
0x0000000002be8000 	/System/Library/Frameworks/CoreText.framework/Versions/A/CoreText
0x0000000002be8000 	/System/Library/Frameworks/CoreGraphics.framework/Versions/A/CoreGraphics
0x0000000002be8000 	/System/Library/PrivateFrameworks/Backup.framework/Versions/A/Backup
0x0000000002be8000 	/System/Library/Frameworks/CFNetwork.framework/Versions/A/CFNetwork
0x0000000002be8000 	/System/Library/Frameworks/SystemConfiguration.framework/Versions/A/SystemConfiguration
0x0000000002be8000 	/usr/lib/libCRFSuite.dylib
0x0000000002be8000 	/usr/lib/libc++.1.dylib
0x0000000002be8000 	/usr/lib/libc++abi.dylib
0x0000000002be8000 	/usr/lib/system/libcache.dylib
0x0000000002be8000 	/usr/lib/system/libcommonCrypto.dylib
0x0000000002be8000 	/usr/lib/system/libcompiler_rt.dylib
0x0000000002be8000 	/usr/lib/system/libcopyfile.dylib
0x0000000002be8000 	/usr/lib/system/libcorecrypto.dylib
0x0000000002be8000 	/usr/lib/system/libdispatch.dylib
0x0000000002be8000 	/usr/lib/system/libdyld.dylib
0x0000000002be8000 	/usr/lib/system/libkeymgr.dylib
0x0000000002be8000 	/usr/lib/system/liblaunch.dylib
0x0000000002be8000 	/usr/lib/system/libmacho.dylib
0x0000000002be8000 	/usr/lib/system/libquarantine.dylib
0x0000000002be8000 	/usr/lib/system/libremovefile.dylib
0x0000000002be8000 	/usr/lib/system/libsystem_asl.dylib
0x0000000002be8000 	/usr/lib/system/libsystem_blocks.dylib
0x0000000002be8000 	/usr/lib/system/libsystem_c.dylib
0x0000000002be8000 	/usr/lib/system/libsystem_configuration.dylib
0x0000000002be8000 	/usr/lib/system/libsystem_dnssd.dylib
0x0000000002be8000 	/usr/lib/system/libsystem_info.dylib
0x0000000002be8000 	/usr/lib/system/libsystem_kernel.dylib
0x0000000002be8000 	/usr/lib/system/libsystem_m.dylib
0x0000000002be8000 	/usr/lib/system/libsystem_malloc.dylib
0x0000000002be8000 	/usr/lib/system/libsystem_network.dylib
0x0000000002be8000 	/usr/lib/system/libsystem_notify.dylib
0x0000000002be8000 	/usr/lib/system/libsystem_platform.dylib
0x0000000002be8000 	/usr/lib/system/libsystem_pthread.dylib
0x0000000002be8000 	/usr/lib/system/libsystem_sandbox.dylib
0x0000000002be8000 	/usr/lib/system/libsystem_stats.dylib
0x0000000002be8000 	/usr/lib/system/libunc.dylib
0x0000000002be8000 	/usr/lib/system/libunwind.dylib
0x0000000002be8000 	/usr/lib/system/libxpc.dylib
0x0000000002be8000 	/usr/lib/libbsm.0.dylib
0x0000000002be8000 	/usr/lib/libsqlite3.dylib
0x0000000002be8000 	/usr/lib/libxar.1.dylib
0x0000000002be8000 	/usr/lib/libpam.2.dylib
0x0000000002be8000 	/usr/lib/libOpenScriptingUtil.dylib
0x0000000002be8000 	/usr/lib/libbz2.1.0.dylib
0x0000000002be8000 	/System/Library/Frameworks/CoreServices.framework/Versions/A/Frameworks/CarbonCore.framework/Versions/A/CarbonCore
0x0000000002be8000 	/System/Library/Frameworks/CoreServices.framework/Versions/A/Frameworks/Metadata.framework/Versions/A/Metadata
0x0000000002be8000 	/System/Library/Frameworks/CoreServices.framework/Versions/A/Frameworks/OSServices.framework/Versions/A/OSServices
0x0000000002be8000 	/System/Library/Frameworks/CoreServices.framework/Versions/A/Frameworks/SearchKit.framework/Versions/A/SearchKit
0x0000000002be8000 	/System/Library/Frameworks/CoreServices.framework/Versions/A/Frameworks/AE.framework/Versions/A/AE
0x0000000002be8000 	/System/Library/Frameworks/CoreServices.framework/Versions/A/Frameworks/LaunchServices.framework/Versions/A/LaunchServices
0x0000000002be8000 	/System/Library/Frameworks/CoreServices.framework/Versions/A/Frameworks/DictionaryServices.framework/Versions/A/DictionaryServices
0x0000000002be8000 	/System/Library/Frameworks/NetFS.framework/Versions/A/NetFS
0x0000000002be8000 	/usr/lib/system/libkxld.dylib
0x0000000002be8000 	/System/Library/PrivateFrameworks/NetAuth.framework/Versions/A/NetAuth
0x0000000002be8000 	/System/Library/PrivateFrameworks/TCC.framework/Versions/A/TCC
0x0000000002be8000 	/System/Library/Frameworks/OpenDirectory.framework/Versions/A/Frameworks/CFOpenDirectory.framework/Versions/A/CFOpenDirectory
0x0000000002be8000 	/System/Library/Frameworks/ServiceManagement.framework/Versions/A/ServiceManagement
0x0000000002be8000 	/usr/lib/libxslt.1.dylib
0x0000000002be8000 	/System/Library/Frameworks/Carbon.framework/Versions/A/Frameworks/Ink.framework/Versions/A/Ink
0x0000000002be8000 	/System/Library/Frameworks/ApplicationServices.framework/Versions/A/Frameworks/ATS.framework/Versions/A/ATS
0x0000000002be8000 	/System/Library/Frameworks/ApplicationServices.framework/Versions/A/Frameworks/ColorSync.framework/Versions/A/ColorSync
0x0000000002be8000 	/System/Library/Frameworks/ApplicationServices.framework/Versions/A/Frameworks/HIServices.framework/Versions/A/HIServices
0x0000000002be8000 	/System/Library/Frameworks/ApplicationServices.framework/Versions/A/Frameworks/LangAnalysis.framework/Versions/A/LangAnalysis
0x0000000002be8000 	/System/Library/Frameworks/ApplicationServices.framework/Versions/A/Frameworks/PrintCore.framework/Versions/A/PrintCore
0x0000000002be8000 	/System/Library/Frameworks/ApplicationServices.framework/Versions/A/Frameworks/QD.framework/Versions/A/QD
0x0000000002be8000 	/System/Library/Frameworks/ApplicationServices.framework/Versions/A/Frameworks/SpeechSynthesis.framework/Versions/A/SpeechSynthesis
0x0000000002be8000 	/System/Library/Frameworks/IOSurface.framework/Versions/A/IOSurface
0x0000000002be8000 	/System/Library/Frameworks/Accelerate.framework/Versions/A/Accelerate
0x0000000002be8000 	/System/Library/Frameworks/Accelerate.framework/Versions/A/Frameworks/vImage.framework/Versions/A/vImage
0x0000000002be8000 	/System/Library/Frameworks/Accelerate.framework/Versions/A/Frameworks/vecLib.framework/Versions/A/vecLib
0x0000000002be8000 	/System/Library/Frameworks/Accelerate.framework/Versions/A/Frameworks/vecLib.framework/Versions/A/libvDSP.dylib
0x0000000002be8000 	/System/Library/Frameworks/Accelerate.framework/Versions/A/Frameworks/vecLib.framework/Versions/A/libvMisc.dylib
0x0000000002be8000 	/System/Library/Frameworks/Accelerate.framework/Versions/A/Frameworks/vecLib.framework/Versions/A/libLAPACK.dylib
0x0000000002be8000 	/System/Library/Frameworks/Accelerate.framework/Versions/A/Frameworks/vecLib.framework/Versions/A/libBLAS.dylib
0x0000000002be8000 	/System/Library/Frameworks/ApplicationServices.framework/Versions/A/Frameworks/ATS.framework/Versions/A/Resources/libFontParser.dylib
0x0000000002be8000 	/System/Library/Frameworks/ApplicationServices.framework/Versions/A/Frameworks/ATS.framework/Versions/A/Resources/libFontRegistry.dylib
0x0000000002be8000 	/System/Library/Frameworks/ImageIO.framework/Versions/A/Resources/libJPEG.dylib
0x0000000002be8000 	/System/Library/Frameworks/ImageIO.framework/Versions/A/Resources/libTIFF.dylib
0x0000000002be8000 	/System/Library/Frameworks/ImageIO.framework/Versions/A/Resources/libPng.dylib
0x0000000002be8000 	/System/Library/Frameworks/ImageIO.framework/Versions/A/Resources/libGIF.dylib
0x0000000002be8000 	/System/Library/Frameworks/ImageIO.framework/Versions/A/Resources/libJP2.dylib
0x0000000002be8000 	/System/Library/Frameworks/ImageIO.framework/Versions/A/Resources/libRadiance.dylib
0x0000000002be8000 	/usr/lib/libcups.2.dylib
0x0000000002be8000 	/System/Library/Frameworks/Kerberos.framework/Versions/A/Kerberos
0x0000000002be8000 	/System/Library/Frameworks/GSS.framework/Versions/A/GSS
0x0000000002be8000 	/usr/lib/libresolv.9.dylib
0x0000000002be8000 	/usr/lib/libiconv.2.dylib
0x0000000002be8000 	/System/Library/PrivateFrameworks/Heimdal.framework/Versions/A/Heimdal
0x0000000002be8000 	/System/Library/PrivateFrameworks/TrustEvaluationAgent.framework/Versions/A/TrustEvaluationAgent
0x0000000002be8000 	/usr/lib/libheimdal-asn1.dylib
0x0000000002be8000 	/System/Library/Frameworks/OpenDirectory.framework/Versions/A/OpenDirectory
0x0000000002be8000 	/System/Library/PrivateFrameworks/CommonAuth.framework/Versions/A/CommonAuth
0x0000000002be8000 	/System/Library/Frameworks/SecurityFoundation.framework/Versions/A/SecurityFoundation
0x0000000002be8000 	/System/Library/PrivateFrameworks/Bom.framework/Versions/A/Bom
0x0000000002be8000 	/System/Library/Frameworks/CoreVideo.framework/Versions/A/CoreVideo
0x0000000002be8000 	/System/Library/Frameworks/QuartzCore.framework/Versions/A/Frameworks/CoreImage.framework/Versions/A/CoreImage
0x0000000002be8000 	/System/Library/Frameworks/QuartzCore.framework/Versions/A/Frameworks/ScalableUserInterface.framework/Versions/A/ScalableUserInterface
0x0000000002be8000 	/System/Library/Frameworks/OpenGL.framework/Versions/A/Libraries/libGLU.dylib
0x0000000002be8000 	/System/Library/Frameworks/OpenGL.framework/Versions/A/Libraries/libGFXShared.dylib
0x0000000002be8000 	/System/Library/Frameworks/OpenGL.framework/Versions/A/Libraries/libGL.dylib
0x0000000002be8000 	/System/Library/Frameworks/OpenGL.framework/Versions/A/Libraries/libGLImage.dylib
0x0000000002be8000 	/System/Library/Frameworks/OpenGL.framework/Versions/A/Libraries/libCVMSPluginSupport.dylib
0x0000000002be8000 	/System/Library/Frameworks/OpenGL.framework/Versions/A/Libraries/libCoreVMClient.dylib
0x0000000002be8000 	/System/Library/PrivateFrameworks/FaceCore.framework/Versions/A/FaceCore
0x0000000002be8000 	/System/Library/PrivateFrameworks/CrashReporterSupport.framework/Versions/A/CrashReporterSupport
0x0000000002be8000 	/System/Library/Frameworks/OpenCL.framework/Versions/A/OpenCL
0x0000000002be8000 	/System/Library/PrivateFrameworks/AppleFSCompression.framework/Versions/A/AppleFSCompression
0x0000000002be8000 	/System/Library/PrivateFrameworks/Ubiquity.framework/Versions/A/Ubiquity
0x0000000002be8000 	/System/Library/PrivateFrameworks/IconServices.framework/Versions/A/IconServices
0x0000000002be8000 	/System/Library/PrivateFrameworks/ChunkingLibrary.framework/Versions/A/ChunkingLibrary
0x0000000002be8000 	/System/Library/PrivateFrameworks/CoreSymbolication.framework/Versions/A/CoreSymbolication
0x0000000002be8000 	/System/Library/PrivateFrameworks/Symbolication.framework/Versions/A/Symbolication
0x0000000002be8000 	/System/Library/PrivateFrameworks/DebugSymbols.framework/Versions/A/DebugSymbols
0x0000000109400000 	/Library/Java/JavaVirtualMachines/jdk1.8.0.jdk/Contents/Home/jre/lib/server/libjvm.dylib
0x0000000002be8000 	/usr/lib/libstdc++.6.dylib
0x00000001083c9000 	/Library/Java/JavaVirtualMachines/jdk1.8.0.jdk/Contents/Home/jre/lib/libverify.dylib
0x000000010a2bf000 	/Library/Java/JavaVirtualMachines/jdk1.8.0.jdk/Contents/Home/jre/lib/libjava.dylib
0x000000010a2f3000 	/Library/Java/JavaVirtualMachines/jdk1.8.0.jdk/Contents/Home/jre/lib/libjdwp.dylib
0x00000001083d8000 	/Library/Java/JavaVirtualMachines/jdk1.8.0.jdk/Contents/Home/jre/lib/libnpt.dylib
0x00000001083dc000 	/Library/Java/JavaVirtualMachines/jdk1.8.0.jdk/Contents/Home/jre/lib/libinstrument.dylib
0x000000010a378000 	/Library/Java/JavaVirtualMachines/jdk1.8.0.jdk/Contents/Home/jre/lib/libzip.dylib
0x0000000125f2b000 	/System/Library/Frameworks/JavaVM.framework/Frameworks/JavaRuntimeSupport.framework/JavaRuntimeSupport
0x0000000125f43000 	/System/Library/Frameworks/JavaVM.framework/Versions/A/Frameworks/JavaNativeFoundation.framework/Versions/A/JavaNativeFoundation
0x0000000125f58000 	/System/Library/Frameworks/JavaVM.framework/Versions/A/JavaVM
0x0000000002be8000 	/System/Library/Frameworks/Carbon.framework/Versions/A/Carbon
0x0000000125f65000 	/System/Library/PrivateFrameworks/JavaLaunching.framework/Versions/A/JavaLaunching
0x0000000002be8000 	/System/Library/Frameworks/Carbon.framework/Versions/A/Frameworks/CommonPanels.framework/Versions/A/CommonPanels
0x0000000002be8000 	/System/Library/Frameworks/Carbon.framework/Versions/A/Frameworks/Help.framework/Versions/A/Help
0x0000000002be8000 	/System/Library/Frameworks/Carbon.framework/Versions/A/Frameworks/ImageCapture.framework/Versions/A/ImageCapture
0x0000000002be8000 	/System/Library/Frameworks/Carbon.framework/Versions/A/Frameworks/OpenScripting.framework/Versions/A/OpenScripting
0x0000000002be8000 	/System/Library/Frameworks/Carbon.framework/Versions/A/Frameworks/Print.framework/Versions/A/Print
0x0000000002be8000 	/System/Library/Frameworks/Carbon.framework/Versions/A/Frameworks/SecurityHI.framework/Versions/A/SecurityHI
0x000000012617c000 	/Library/Java/JavaVirtualMachines/jdk1.8.0.jdk/Contents/Home/jre/lib/libdt_socket.dylib
0x0000000126d0f000 	/private/var/folders/6p/cjjl9fhj7wn44rvm0bv5sb6m0000gp/T/libgdxrgee/92bf976d/libgdx.dylib
0x0000000126d73000 	/Library/Java/JavaVirtualMachines/jdk1.8.0.jdk/Contents/Home/jre/lib/libawt.dylib
0x0000000126e22000 	/Library/Java/JavaVirtualMachines/jdk1.8.0.jdk/Contents/Home/jre/lib/./libmlib_image.dylib
0x0000000126eee000 	/Library/Java/JavaVirtualMachines/jdk1.8.0.jdk/Contents/Home/jre/lib/libawt_lwawt.dylib
0x0000000126fa0000 	/Library/Java/JavaVirtualMachines/jdk1.8.0.jdk/Contents/Home/jre/lib/./libosxapp.dylib
0x0000000002be8000 	/System/Library/Frameworks/ExceptionHandling.framework/Versions/A/ExceptionHandling
0x0000000002be8000 	/System/Library/PrivateFrameworks/CoreServicesInternal.framework/Versions/A/CoreServicesInternal
0x0000000002be8000 	/System/Library/PrivateFrameworks/Librarian.framework/Versions/A/Librarian
0x0000000128802000 	/System/Library/Frameworks/CoreGraphics.framework/Versions/A/Resources/libCGCMS.A.dylib
0x0000000128813000 	/System/Library/Frameworks/CoreGraphics.framework/Versions/A/Resources/libRIP.A.dylib
0x00000001299e4000 	/System/Library/Frameworks/CoreGraphics.framework/Versions/A/Resources/libCGXType.A.dylib
0x0000000002be8000 	/System/Library/PrivateFrameworks/FamilyControls.framework/Versions/A/FamilyControls
0x0000000002be8000 	/System/Library/PrivateFrameworks/CommerceKit.framework/Versions/A/Frameworks/CommerceCore.framework/Versions/A/CommerceCore
0x0000000002be8000 	/System/Library/PrivateFrameworks/SystemAdministration.framework/Versions/A/SystemAdministration
0x0000000002be8000 	/System/Library/Frameworks/DirectoryService.framework/Versions/A/DirectoryService
0x0000000002be8000 	/System/Library/PrivateFrameworks/DiskImages.framework/Versions/A/DiskImages
0x0000000002be8000 	/System/Library/PrivateFrameworks/LoginUIKit.framework/Versions/A/Frameworks/LoginUICore.framework/Versions/A/LoginUICore
0x0000000002be8000 	/usr/lib/libCoreStorage.dylib
0x0000000002be8000 	/usr/lib/libcsfde.dylib
0x0000000002be8000 	/usr/lib/libodfde.dylib
0x0000000002be8000 	/System/Library/Frameworks/DiscRecording.framework/Versions/A/DiscRecording
0x0000000002be8000 	/usr/lib/libcurl.4.dylib
0x0000000002be8000 	/System/Library/PrivateFrameworks/MediaKit.framework/Versions/A/MediaKit
0x0000000002be8000 	/System/Library/PrivateFrameworks/EFILogin.framework/Versions/A/EFILogin
0x0000000002be8000 	/usr/lib/libutil.dylib
0x0000000002be8000 	/System/Library/PrivateFrameworks/AOSNotification.framework/Versions/A/AOSNotification
0x0000000002be8000 	/System/Library/Frameworks/LDAP.framework/Versions/A/LDAP
0x0000000002be8000 	/usr/lib/libsasl2.2.dylib
0x0000000002be8000 	/usr/lib/libcrypto.0.9.8.dylib
0x0000000002be8000 	/usr/lib/libssl.0.9.8.dylib
0x000000012b537000 	/Library/Java/JavaVirtualMachines/jdk1.8.0.jdk/Contents/Home/jre/lib/libfontmanager.dylib
0x000000012b59d000 	/private/var/folders/6p/cjjl9fhj7wn44rvm0bv5sb6m0000gp/T/libgdxrgee/75260a42/liblwjgl.dylib
0x0000000129987000 	/Library/Java/JavaVirtualMachines/jdk1.8.0.jdk/Contents/Home/jre/lib/libjawt.dylib
0x000000012b618000 	/var/folders/6p/cjjl9fhj7wn44rvm0bv5sb6m0000gp/T/libgdxrgee/75260a42/openal.dylib
0x000000012b687000 	/System/Library/Components/CoreAudio.component/Contents/MacOS/CoreAudio
0x000000012b902000 	/System/Library/Extensions/AppleHDA.kext/Contents/PlugIns/AppleHDAHALPlugIn.bundle/Contents/MacOS/AppleHDAHALPlugIn
0x000000012bcae000 	/System/Library/Frameworks/OpenGL.framework/Resources/GLEngine.bundle/GLEngine
0x0000000002be8000 	/System/Library/Frameworks/OpenGL.framework/Versions/A/Libraries/libGLProgrammability.dylib
0x0000000000000000 	/System/Library/Extensions/AppleIntelHD5000GraphicsGLDriver.bundle/Contents/MacOS/AppleIntelHD5000GraphicsGLDriver
0x0000000002be8000 	/System/Library/PrivateFrameworks/IOAccelerator.framework/Versions/A/IOAccelerator
0x0000000002be8000 	/System/Library/PrivateFrameworks/GPUSupport.framework/Versions/A/Libraries/libGPUSupportMercury.dylib
0x0000000000000000 	/System/Library/Extensions/GeForceGLDriver.bundle/Contents/MacOS/GeForceGLDriver
0x0000000002be8000 	/System/Library/Extensions/GeForceGLDriver.bundle/Contents/MacOS/libclh.dylib
0x000000012c678000 	/System/Library/Frameworks/OpenGL.framework/Resources//GLRendererFloat.bundle/GLRendererFloat
0x0000000002be8000 	/System/Library/Frameworks/OpenCL.framework/Versions/A/Libraries/libcldcpuengine.dylib

VM Arguments:
jvm_args: -agentlib:jdwp=transport=dt_socket,address=127.0.0.1:61118,suspend=y,server=n -javaagent:/Users/rgee/Library/Caches/IdeaIC13/groovyHotSwap/gragent.jar -Dfile.encoding=UTF-8 
java_command: com.ziodyne.sometrpg.Main
java_class_path (initial): /Library/Java/JavaVirtualMachines/jdk1.8.0.jdk/Contents/Home/lib/ant-javafx.jar:/Library/Java/JavaVirtualMachines/jdk1.8.0.jdk/Contents/Home/lib/dt.jar:/Library/Java/JavaVirtualMachines/jdk1.8.0.jdk/Contents/Home/lib/javafx-mx.jar:/Library/Java/JavaVirtualMachines/jdk1.8.0.jdk/Contents/Home/lib/jconsole.jar:/Library/Java/JavaVirtualMachines/jdk1.8.0.jdk/Contents/Home/lib/sa-jdi.jar:/Library/Java/JavaVirtualMachines/jdk1.8.0.jdk/Contents/Home/lib/tools.jar:/Library/Java/JavaVirtualMachines/jdk1.8.0.jdk/Contents/Home/jre/lib/charsets.jar:/Library/Java/JavaVirtualMachines/jdk1.8.0.jdk/Contents/Home/jre/lib/deploy.jar:/Library/Java/JavaVirtualMachines/jdk1.8.0.jdk/Contents/Home/jre/lib/htmlconverter.jar:/Library/Java/JavaVirtualMachines/jdk1.8.0.jdk/Contents/Home/jre/lib/javaws.jar:/Library/Java/JavaVirtualMachines/jdk1.8.0.jdk/Contents/Home/jre/lib/jce.jar:/Library/Java/JavaVirtualMachines/jdk1.8.0.jdk/Contents/Home/jre/lib/jfr.jar:/Library/Java/JavaVirtualMachines/jdk1.8.0.jdk/Contents/Home/jre/lib/jfxswt.jar:/Library/Java/JavaVirtualMachines/jdk1.8.0.jdk/Contents/Home/jre/lib/jsse.jar:/Library/Java/JavaVirtualMachines/jdk1.8.0.jdk/Contents/Home/jre/lib/management-agent.jar:/Library/Java/JavaVirtualMachines/jdk1.8.0.jdk/Contents/Home/jre/lib/plugin.jar:/Library/Java/JavaVirtualMachines/jdk1.8.0.jdk/Contents/Home/jre/lib/resources.jar:/Library/Java/JavaVirtualMachines/jdk1.8.0.jdk/Contents/Home/jre/lib/rt.jar:/Library/Java/JavaVirtualMachines/jdk1.8.0.jdk/Contents/Home/jre/lib/ext/cldrdata.jar:/Library/Java/JavaVirtualMachines/jdk1.8.0.jdk/Contents/Home/jre/lib/ext/dnsns.jar:/Library/Java/JavaVirtualMachines/jdk1.8.0.jdk/Contents/Home/jre/lib/ext/jfxrt.jar:/Library/Java/JavaVirtualMachines/jdk1.8.0.jdk/Contents/Home/jre/lib/ext/localedata.jar:/Library/Java/JavaVirtualMachines/jdk1.8.0.jdk/Contents/Home/jre/lib/ext/nashorn.jar:/Library/Java/JavaVirtualMachines/jdk1.8.0.jdk/Contents/Home/jre/lib/ext/sunec.jar:/Library/Java/JavaVirtualMachines
Launcher Type: SUN_STANDARD

Environment Variables:
JAVA_HOME=/Library/Java/JavaVirtualMachines/jdk1.7.0_45.jdk/Contents/Home
PATH=/usr/bin:/bin:/usr/sbin:/sbin:/usr/local/bin:/Users/rgee/Scripts:/usr/local/Cellar/rabbitmq/3.2.2/sbin
SHELL=/bin/zsh
DISPLAY=/tmp/launch-zb1rxg/org.macosforge.xquartz:0

Signal Handlers:
SIGSEGV: [libjvm.dylib+0x55faef], sa_mask[0]=0xfffefeff, sa_flags=0x00000043
SIGBUS: [libjvm.dylib+0x55faef], sa_mask[0]=0xfffefeff, sa_flags=0x00000042
SIGFPE: [libjvm.dylib+0x44305a], sa_mask[0]=0xfffefeff, sa_flags=0x00000042
SIGPIPE: [libjvm.dylib+0x44305a], sa_mask[0]=0xfffefeff, sa_flags=0x00000042
SIGXFSZ: [libjvm.dylib+0x44305a], sa_mask[0]=0xfffefeff, sa_flags=0x00000042
SIGILL: [libjvm.dylib+0x44305a], sa_mask[0]=0xfffefeff, sa_flags=0x00000042
SIGUSR1: SIG_DFL, sa_mask[0]=0x00000000, sa_flags=0x00000002
SIGUSR2: [libjvm.dylib+0x442b78], sa_mask[0]=0x00000004, sa_flags=0x00000042
SIGHUP: [libjvm.dylib+0x440f05], sa_mask[0]=0xfffefeff, sa_flags=0x00000042
SIGINT: [libjvm.dylib+0x440f05], sa_mask[0]=0xfffefeff, sa_flags=0x00000042
SIGTERM: [libjvm.dylib+0x440f05], sa_mask[0]=0xfffefeff, sa_flags=0x00000042
SIGQUIT: [libjvm.dylib+0x440f05], sa_mask[0]=0xfffefeff, sa_flags=0x00000042


---------------  S Y S T E M  ---------------

OS:Bsduname:Darwin 13.1.0 Darwin Kernel Version 13.1.0: Thu Jan 16 19:40:37 PST 2014; root:xnu-2422.90.20~2/RELEASE_X86_64 x86_64
rlimit: STACK 8192k, CORE 0k, NPROC 709, NOFILE 10240, AS infinity
load average:3.07 3.60 3.64

CPU:total 8 (4 cores per cpu, 2 threads per core) family 6 model 70 stepping 1, cmov, cx8, fxsr, mmx, sse, sse2, sse3, ssse3, sse4.1, sse4.2, popcnt, avx, avx2, aes, clmul, erms, ht, tsc, tscinvbit

Memory: 4k page, physical 16777216k(3451472k free)

/proc/meminfo:


vm_info: Java HotSpot(TM) 64-Bit Server VM (25.0-b70) for bsd-amd64 JRE (1.8.0-b132), built on Mar  4 2014 03:11:43 by "java_re" with gcc 4.2.1 (Based on Apple Inc. build 5658) (LLVM build 2336.11.00)

time: Tue Mar 18 21:57:03 2014
elapsed time: 4 seconds

